2024-11-27 02:09:21,458 - DEBUG - STREAM b'IHDR' 16 13
2024-11-27 02:09:21,458 - DEBUG - STREAM b'pHYs' 41 9
2024-11-27 02:09:21,458 - DEBUG - STREAM b'IDAT' 62 333841
2024-11-27 02:09:21,487 - DEBUG - STREAM b'IHDR' 16 13
2024-11-27 02:09:21,487 - DEBUG - STREAM b'pHYs' 41 9
2024-11-27 02:09:21,487 - DEBUG - STREAM b'IDAT' 62 259015
2024-11-27 02:09:21,503 - DEBUG - STREAM b'IHDR' 16 13
2024-11-27 02:09:21,503 - DEBUG - STREAM b'pHYs' 41 9
2024-11-27 02:09:21,503 - DEBUG - STREAM b'IDAT' 62 220337
2024-11-27 02:09:21,517 - DEBUG - STREAM b'IHDR' 16 13
2024-11-27 02:09:21,517 - DEBUG - STREAM b'pHYs' 41 9
2024-11-27 02:09:21,517 - DEBUG - STREAM b'IDAT' 62 177624
2024-11-27 02:09:21,527 - DEBUG - STREAM b'IHDR' 16 13
2024-11-27 02:09:21,528 - DEBUG - STREAM b'pHYs' 41 9
2024-11-27 02:09:21,528 - DEBUG - STREAM b'IDAT' 62 232384
2024-11-27 02:09:21,539 - DEBUG - STREAM b'IHDR' 16 13
2024-11-27 02:09:21,539 - DEBUG - STREAM b'pHYs' 41 9
2024-11-27 02:09:21,540 - DEBUG - STREAM b'IDAT' 62 261264
2024-11-27 02:09:21,552 - DEBUG - STREAM b'IHDR' 16 13
2024-11-27 02:09:21,553 - DEBUG - STREAM b'pHYs' 41 9
2024-11-27 02:09:21,553 - DEBUG - STREAM b'IDAT' 62 348922
2024-11-27 02:09:31,924 - DEBUG - STREAM b'IHDR' 16 13
2024-11-27 02:09:31,925 - DEBUG - STREAM b'pHYs' 41 9
2024-11-27 02:09:31,925 - DEBUG - STREAM b'IDAT' 62 29837
2024-11-27 02:09:31,942 - DEBUG - STREAM b'IHDR' 16 13
2024-11-27 02:09:31,942 - DEBUG - STREAM b'pHYs' 41 9
2024-11-27 02:09:31,942 - DEBUG - STREAM b'IDAT' 62 840969
2024-11-27 02:09:32,012 - INFO - Фон игры загружен успешно.
2024-11-27 02:09:32,012 - INFO - Отображение выбора собаки...
2024-11-27 02:09:32,013 - DEBUG - STREAM b'IHDR' 16 13
2024-11-27 02:09:32,013 - DEBUG - STREAM b'pHYs' 41 9
2024-11-27 02:09:32,013 - DEBUG - STREAM b'IDAT' 62 333841
2024-11-27 02:09:32,032 - INFO - Собака Chihuahua загружена успешно.
2024-11-27 02:09:32,033 - DEBUG - STREAM b'IHDR' 16 13
2024-11-27 02:09:32,033 - DEBUG - STREAM b'pHYs' 41 9
2024-11-27 02:09:32,033 - DEBUG - STREAM b'IDAT' 62 259015
2024-11-27 02:09:32,055 - INFO - Собака Corgi загружена успешно.
2024-11-27 02:09:32,056 - DEBUG - STREAM b'IHDR' 16 13
2024-11-27 02:09:32,056 - DEBUG - STREAM b'pHYs' 41 9
2024-11-27 02:09:32,056 - DEBUG - STREAM b'IDAT' 62 220337
2024-11-27 02:09:32,079 - INFO - Собака Golden Retriever загружена успешно.
2024-11-27 02:09:32,079 - DEBUG - STREAM b'IHDR' 16 13
2024-11-27 02:09:32,079 - DEBUG - STREAM b'pHYs' 41 9
2024-11-27 02:09:32,079 - DEBUG - STREAM b'IDAT' 62 177624
2024-11-27 02:09:32,092 - INFO - Собака Husky загружена успешно.
2024-11-27 02:09:32,093 - DEBUG - STREAM b'IHDR' 16 13
2024-11-27 02:09:32,093 - DEBUG - STREAM b'pHYs' 41 9
2024-11-27 02:09:32,093 - DEBUG - STREAM b'IDAT' 62 232384
2024-11-27 02:09:32,107 - INFO - Собака Pomeranian загружена успешно.
2024-11-27 02:09:32,107 - DEBUG - STREAM b'IHDR' 16 13
2024-11-27 02:09:32,108 - DEBUG - STREAM b'pHYs' 41 9
2024-11-27 02:09:32,108 - DEBUG - STREAM b'IDAT' 62 261264
2024-11-27 02:09:32,124 - INFO - Собака Pug загружена успешно.
2024-11-27 02:09:32,125 - DEBUG - STREAM b'IHDR' 16 13
2024-11-27 02:09:32,125 - DEBUG - STREAM b'pHYs' 41 9
2024-11-27 02:09:32,125 - DEBUG - STREAM b'IDAT' 62 348922
2024-11-27 02:09:32,149 - INFO - Собака Yorkshire Terrier загружена успешно.
2024-11-27 02:09:38,720 - INFO - Собака Chihuahua выбрана.
2024-11-27 02:09:38,739 - DEBUG - STREAM b'IHDR' 16 13
2024-11-27 02:09:38,739 - DEBUG - STREAM b'pHYs' 41 9
2024-11-27 02:09:38,739 - DEBUG - STREAM b'IDAT' 62 840969
2024-11-27 02:09:38,801 - INFO - Фон игры загружен успешно.
2024-11-27 02:09:38,802 - INFO - Отображение выбора уровня...
2024-11-27 02:09:42,158 - INFO - Запуск уровня 1...
2024-11-27 02:09:45,194 - DEBUG - STREAM b'IHDR' 16 13
2024-11-27 02:09:45,195 - DEBUG - STREAM b'pHYs' 41 9
2024-11-27 02:09:45,195 - DEBUG - STREAM b'IDAT' 62 333841
2024-11-27 02:11:50,180 - DEBUG - STREAM b'IHDR' 16 13
2024-11-27 02:11:50,180 - DEBUG - STREAM b'pHYs' 41 9
2024-11-27 02:11:50,180 - DEBUG - STREAM b'IDAT' 62 333841
2024-11-27 02:11:50,208 - DEBUG - STREAM b'IHDR' 16 13
2024-11-27 02:11:50,209 - DEBUG - STREAM b'pHYs' 41 9
2024-11-27 02:11:50,209 - DEBUG - STREAM b'IDAT' 62 259015
2024-11-27 02:11:50,225 - DEBUG - STREAM b'IHDR' 16 13
2024-11-27 02:11:50,225 - DEBUG - STREAM b'pHYs' 41 9
2024-11-27 02:11:50,225 - DEBUG - STREAM b'IDAT' 62 220337
2024-11-27 02:11:50,239 - DEBUG - STREAM b'IHDR' 16 13
2024-11-27 02:11:50,239 - DEBUG - STREAM b'pHYs' 41 9
2024-11-27 02:11:50,239 - DEBUG - STREAM b'IDAT' 62 177624
2024-11-27 02:11:50,250 - DEBUG - STREAM b'IHDR' 16 13
2024-11-27 02:11:50,250 - DEBUG - STREAM b'pHYs' 41 9
2024-11-27 02:11:50,251 - DEBUG - STREAM b'IDAT' 62 232384
2024-11-27 02:11:50,263 - DEBUG - STREAM b'IHDR' 16 13
2024-11-27 02:11:50,263 - DEBUG - STREAM b'pHYs' 41 9
2024-11-27 02:11:50,263 - DEBUG - STREAM b'IDAT' 62 261264
2024-11-27 02:11:50,278 - DEBUG - STREAM b'IHDR' 16 13
2024-11-27 02:11:50,278 - DEBUG - STREAM b'pHYs' 41 9
2024-11-27 02:11:50,278 - DEBUG - STREAM b'IDAT' 62 348922
2024-11-27 02:11:51,099 - DEBUG - STREAM b'IHDR' 16 13
2024-11-27 02:11:51,099 - DEBUG - STREAM b'pHYs' 41 9
2024-11-27 02:11:51,099 - DEBUG - STREAM b'IDAT' 62 840969
2024-11-27 02:13:19,669 - DEBUG - STREAM b'IHDR' 16 13
2024-11-27 02:13:19,669 - DEBUG - STREAM b'pHYs' 41 9
2024-11-27 02:13:19,669 - DEBUG - STREAM b'IDAT' 62 333841
2024-11-27 02:13:19,691 - DEBUG - STREAM b'IHDR' 16 13
2024-11-27 02:13:19,692 - DEBUG - STREAM b'pHYs' 41 9
2024-11-27 02:13:19,692 - DEBUG - STREAM b'IDAT' 62 259015
2024-11-27 02:13:19,707 - DEBUG - STREAM b'IHDR' 16 13
2024-11-27 02:13:19,707 - DEBUG - STREAM b'pHYs' 41 9
2024-11-27 02:13:19,707 - DEBUG - STREAM b'IDAT' 62 220337
2024-11-27 02:13:19,722 - DEBUG - STREAM b'IHDR' 16 13
2024-11-27 02:13:19,722 - DEBUG - STREAM b'pHYs' 41 9
2024-11-27 02:13:19,722 - DEBUG - STREAM b'IDAT' 62 177624
2024-11-27 02:13:19,734 - DEBUG - STREAM b'IHDR' 16 13
2024-11-27 02:13:19,734 - DEBUG - STREAM b'pHYs' 41 9
2024-11-27 02:13:19,734 - DEBUG - STREAM b'IDAT' 62 232384
2024-11-27 02:13:19,746 - DEBUG - STREAM b'IHDR' 16 13
2024-11-27 02:13:19,746 - DEBUG - STREAM b'pHYs' 41 9
2024-11-27 02:13:19,746 - DEBUG - STREAM b'IDAT' 62 261264
2024-11-27 02:13:19,760 - DEBUG - STREAM b'IHDR' 16 13
2024-11-27 02:13:19,760 - DEBUG - STREAM b'pHYs' 41 9
2024-11-27 02:13:19,760 - DEBUG - STREAM b'IDAT' 62 348922
2024-11-27 02:13:23,733 - DEBUG - STREAM b'IHDR' 16 13
2024-11-27 02:13:23,733 - DEBUG - STREAM b'pHYs' 41 9
2024-11-27 02:13:23,734 - DEBUG - STREAM b'IDAT' 62 840969
2024-11-27 02:13:23,797 - INFO - Фон игры загружен успешно.
2024-11-27 02:13:49,750 - DEBUG - STREAM b'IHDR' 16 13
2024-11-27 02:13:49,750 - DEBUG - STREAM b'pHYs' 41 9
2024-11-27 02:13:49,750 - DEBUG - STREAM b'IDAT' 62 333841
2024-11-27 02:13:49,773 - DEBUG - STREAM b'IHDR' 16 13
2024-11-27 02:13:49,773 - DEBUG - STREAM b'pHYs' 41 9
2024-11-27 02:13:49,773 - DEBUG - STREAM b'IDAT' 62 259015
2024-11-27 02:13:49,788 - DEBUG - STREAM b'IHDR' 16 13
2024-11-27 02:13:49,788 - DEBUG - STREAM b'pHYs' 41 9
2024-11-27 02:13:49,788 - DEBUG - STREAM b'IDAT' 62 220337
2024-11-27 02:13:49,802 - DEBUG - STREAM b'IHDR' 16 13
2024-11-27 02:13:49,802 - DEBUG - STREAM b'pHYs' 41 9
2024-11-27 02:13:49,802 - DEBUG - STREAM b'IDAT' 62 177624
2024-11-27 02:13:49,812 - DEBUG - STREAM b'IHDR' 16 13
2024-11-27 02:13:49,812 - DEBUG - STREAM b'pHYs' 41 9
2024-11-27 02:13:49,813 - DEBUG - STREAM b'IDAT' 62 232384
2024-11-27 02:13:49,824 - DEBUG - STREAM b'IHDR' 16 13
2024-11-27 02:13:49,824 - DEBUG - STREAM b'pHYs' 41 9
2024-11-27 02:13:49,824 - DEBUG - STREAM b'IDAT' 62 261264
2024-11-27 02:13:49,837 - DEBUG - STREAM b'IHDR' 16 13
2024-11-27 02:13:49,837 - DEBUG - STREAM b'pHYs' 41 9
2024-11-27 02:13:49,837 - DEBUG - STREAM b'IDAT' 62 348922
2024-11-27 02:13:50,765 - DEBUG - STREAM b'IHDR' 16 13
2024-11-27 02:13:50,765 - DEBUG - STREAM b'pHYs' 41 9
2024-11-27 02:13:50,765 - DEBUG - STREAM b'IDAT' 62 840969
2024-11-27 02:13:50,827 - INFO - Фон игры загружен успешно.
2024-11-27 02:15:29,957 - DEBUG - STREAM b'IHDR' 16 13
2024-11-27 02:15:29,957 - DEBUG - STREAM b'pHYs' 41 9
2024-11-27 02:15:29,957 - DEBUG - STREAM b'IDAT' 62 333841
2024-11-27 02:15:29,980 - DEBUG - STREAM b'IHDR' 16 13
2024-11-27 02:15:29,980 - DEBUG - STREAM b'pHYs' 41 9
2024-11-27 02:15:29,980 - DEBUG - STREAM b'IDAT' 62 259015
2024-11-27 02:15:29,996 - DEBUG - STREAM b'IHDR' 16 13
2024-11-27 02:15:29,996 - DEBUG - STREAM b'pHYs' 41 9
2024-11-27 02:15:29,996 - DEBUG - STREAM b'IDAT' 62 220337
2024-11-27 02:15:30,010 - DEBUG - STREAM b'IHDR' 16 13
2024-11-27 02:15:30,010 - DEBUG - STREAM b'pHYs' 41 9
2024-11-27 02:15:30,010 - DEBUG - STREAM b'IDAT' 62 177624
2024-11-27 02:15:30,021 - DEBUG - STREAM b'IHDR' 16 13
2024-11-27 02:15:30,022 - DEBUG - STREAM b'pHYs' 41 9
2024-11-27 02:15:30,022 - DEBUG - STREAM b'IDAT' 62 232384
2024-11-27 02:15:30,034 - DEBUG - STREAM b'IHDR' 16 13
2024-11-27 02:15:30,034 - DEBUG - STREAM b'pHYs' 41 9
2024-11-27 02:15:30,034 - DEBUG - STREAM b'IDAT' 62 261264
2024-11-27 02:15:30,048 - DEBUG - STREAM b'IHDR' 16 13
2024-11-27 02:15:30,048 - DEBUG - STREAM b'pHYs' 41 9
2024-11-27 02:15:30,048 - DEBUG - STREAM b'IDAT' 62 348922
2024-11-27 02:15:30,873 - DEBUG - STREAM b'IHDR' 16 13
2024-11-27 02:15:30,873 - DEBUG - STREAM b'pHYs' 41 9
2024-11-27 02:15:30,873 - DEBUG - STREAM b'IDAT' 62 29837
2024-11-27 02:16:05,474 - DEBUG - STREAM b'IHDR' 16 13
2024-11-27 02:16:05,474 - DEBUG - STREAM b'pHYs' 41 9
2024-11-27 02:16:05,474 - DEBUG - STREAM b'IDAT' 62 333841
2024-11-27 02:16:05,498 - DEBUG - STREAM b'IHDR' 16 13
2024-11-27 02:16:05,498 - DEBUG - STREAM b'pHYs' 41 9
2024-11-27 02:16:05,498 - DEBUG - STREAM b'IDAT' 62 259015
2024-11-27 02:16:05,514 - DEBUG - STREAM b'IHDR' 16 13
2024-11-27 02:16:05,514 - DEBUG - STREAM b'pHYs' 41 9
2024-11-27 02:16:05,514 - DEBUG - STREAM b'IDAT' 62 220337
2024-11-27 02:16:05,530 - DEBUG - STREAM b'IHDR' 16 13
2024-11-27 02:16:05,530 - DEBUG - STREAM b'pHYs' 41 9
2024-11-27 02:16:05,530 - DEBUG - STREAM b'IDAT' 62 177624
2024-11-27 02:16:05,542 - DEBUG - STREAM b'IHDR' 16 13
2024-11-27 02:16:05,542 - DEBUG - STREAM b'pHYs' 41 9
2024-11-27 02:16:05,542 - DEBUG - STREAM b'IDAT' 62 232384
2024-11-27 02:16:05,553 - DEBUG - STREAM b'IHDR' 16 13
2024-11-27 02:16:05,554 - DEBUG - STREAM b'pHYs' 41 9
2024-11-27 02:16:05,554 - DEBUG - STREAM b'IDAT' 62 261264
2024-11-27 02:16:05,566 - DEBUG - STREAM b'IHDR' 16 13
2024-11-27 02:16:05,567 - DEBUG - STREAM b'pHYs' 41 9
2024-11-27 02:16:05,567 - DEBUG - STREAM b'IDAT' 62 348922
2024-11-27 02:16:06,224 - DEBUG - STREAM b'IHDR' 16 13
2024-11-27 02:16:06,224 - DEBUG - STREAM b'pHYs' 41 9
2024-11-27 02:16:06,225 - DEBUG - STREAM b'IDAT' 62 29837
2024-11-27 02:16:06,243 - DEBUG - STREAM b'IHDR' 16 13
2024-11-27 02:16:06,243 - DEBUG - STREAM b'pHYs' 41 9
2024-11-27 02:16:06,243 - DEBUG - STREAM b'IDAT' 62 840969
2024-11-27 02:16:06,311 - INFO - Фон игры загружен успешно.
2024-11-27 02:16:06,312 - INFO - Отображение выбора собаки...
2024-11-27 02:16:06,313 - DEBUG - STREAM b'IHDR' 16 13
2024-11-27 02:16:06,313 - DEBUG - STREAM b'pHYs' 41 9
2024-11-27 02:16:06,313 - DEBUG - STREAM b'IDAT' 62 333841
2024-11-27 02:16:06,331 - INFO - Собака Chihuahua загружена успешно.
2024-11-27 02:16:06,331 - DEBUG - STREAM b'IHDR' 16 13
2024-11-27 02:16:06,331 - DEBUG - STREAM b'pHYs' 41 9
2024-11-27 02:16:06,332 - DEBUG - STREAM b'IDAT' 62 259015
2024-11-27 02:16:06,353 - INFO - Собака Corgi загружена успешно.
2024-11-27 02:16:06,354 - DEBUG - STREAM b'IHDR' 16 13
2024-11-27 02:16:06,354 - DEBUG - STREAM b'pHYs' 41 9
2024-11-27 02:16:06,354 - DEBUG - STREAM b'IDAT' 62 220337
2024-11-27 02:16:06,375 - INFO - Собака Golden Retriever загружена успешно.
2024-11-27 02:16:06,376 - DEBUG - STREAM b'IHDR' 16 13
2024-11-27 02:16:06,376 - DEBUG - STREAM b'pHYs' 41 9
2024-11-27 02:16:06,376 - DEBUG - STREAM b'IDAT' 62 177624
2024-11-27 02:16:06,388 - INFO - Собака Husky загружена успешно.
2024-11-27 02:16:06,389 - DEBUG - STREAM b'IHDR' 16 13
2024-11-27 02:16:06,389 - DEBUG - STREAM b'pHYs' 41 9
2024-11-27 02:16:06,389 - DEBUG - STREAM b'IDAT' 62 232384
2024-11-27 02:16:06,402 - INFO - Собака Pomeranian загружена успешно.
2024-11-27 02:16:06,403 - DEBUG - STREAM b'IHDR' 16 13
2024-11-27 02:16:06,403 - DEBUG - STREAM b'pHYs' 41 9
2024-11-27 02:16:06,403 - DEBUG - STREAM b'IDAT' 62 261264
2024-11-27 02:16:06,419 - INFO - Собака Pug загружена успешно.
2024-11-27 02:16:06,419 - DEBUG - STREAM b'IHDR' 16 13
2024-11-27 02:16:06,419 - DEBUG - STREAM b'pHYs' 41 9
2024-11-27 02:16:06,420 - DEBUG - STREAM b'IDAT' 62 348922
2024-11-27 02:16:06,443 - INFO - Собака Yorkshire Terrier загружена успешно.
2024-11-27 02:16:07,832 - INFO - Собака Chihuahua выбрана.
2024-11-27 02:16:07,851 - DEBUG - STREAM b'IHDR' 16 13
2024-11-27 02:16:07,851 - DEBUG - STREAM b'pHYs' 41 9
2024-11-27 02:16:07,851 - DEBUG - STREAM b'IDAT' 62 840969
2024-11-27 02:16:07,916 - INFO - Фон игры загружен успешно.
2024-11-27 02:16:07,916 - INFO - Отображение выбора уровня...
2024-11-27 02:16:09,031 - INFO - Запуск уровня 1...
2024-11-27 02:16:12,077 - DEBUG - STREAM b'IHDR' 16 13
2024-11-27 02:16:12,077 - DEBUG - STREAM b'pHYs' 41 9
2024-11-27 02:16:12,077 - DEBUG - STREAM b'IDAT' 62 333841
2024-11-27 02:17:55,655 - DEBUG - STREAM b'IHDR' 16 13
2024-11-27 02:17:55,655 - DEBUG - STREAM b'pHYs' 41 9
2024-11-27 02:17:55,655 - DEBUG - STREAM b'IDAT' 62 333841
2024-11-27 02:17:55,692 - DEBUG - STREAM b'IHDR' 16 13
2024-11-27 02:17:55,692 - DEBUG - STREAM b'pHYs' 41 9
2024-11-27 02:17:55,692 - DEBUG - STREAM b'IDAT' 62 259015
2024-11-27 02:17:55,708 - DEBUG - STREAM b'IHDR' 16 13
2024-11-27 02:17:55,709 - DEBUG - STREAM b'pHYs' 41 9
2024-11-27 02:17:55,709 - DEBUG - STREAM b'IDAT' 62 220337
2024-11-27 02:17:55,723 - DEBUG - STREAM b'IHDR' 16 13
2024-11-27 02:17:55,723 - DEBUG - STREAM b'pHYs' 41 9
2024-11-27 02:17:55,723 - DEBUG - STREAM b'IDAT' 62 177624
2024-11-27 02:17:55,734 - DEBUG - STREAM b'IHDR' 16 13
2024-11-27 02:17:55,734 - DEBUG - STREAM b'pHYs' 41 9
2024-11-27 02:17:55,734 - DEBUG - STREAM b'IDAT' 62 232384
2024-11-27 02:17:55,746 - DEBUG - STREAM b'IHDR' 16 13
2024-11-27 02:17:55,746 - DEBUG - STREAM b'pHYs' 41 9
2024-11-27 02:17:55,747 - DEBUG - STREAM b'IDAT' 62 261264
2024-11-27 02:17:55,760 - DEBUG - STREAM b'IHDR' 16 13
2024-11-27 02:17:55,760 - DEBUG - STREAM b'pHYs' 41 9
2024-11-27 02:17:55,760 - DEBUG - STREAM b'IDAT' 62 348922
2024-11-27 02:17:56,517 - DEBUG - STREAM b'IHDR' 16 13
2024-11-27 02:17:56,517 - DEBUG - STREAM b'pHYs' 41 9
2024-11-27 02:17:56,517 - DEBUG - STREAM b'IDAT' 62 29837
2024-11-27 02:17:56,533 - DEBUG - STREAM b'IHDR' 16 13
2024-11-27 02:17:56,533 - DEBUG - STREAM b'pHYs' 41 9
2024-11-27 02:17:56,533 - DEBUG - STREAM b'IDAT' 62 840969
2024-11-27 02:17:56,600 - INFO - Фон игры загружен успешно.
2024-11-27 02:17:56,600 - INFO - Отображение выбора собаки...
2024-11-27 02:17:56,601 - DEBUG - STREAM b'IHDR' 16 13
2024-11-27 02:17:56,601 - DEBUG - STREAM b'pHYs' 41 9
2024-11-27 02:17:56,602 - DEBUG - STREAM b'IDAT' 62 333841
2024-11-27 02:17:56,619 - INFO - Собака Chihuahua загружена успешно.
2024-11-27 02:17:56,620 - DEBUG - STREAM b'IHDR' 16 13
2024-11-27 02:17:56,620 - DEBUG - STREAM b'pHYs' 41 9
2024-11-27 02:17:56,620 - DEBUG - STREAM b'IDAT' 62 259015
2024-11-27 02:17:56,642 - INFO - Собака Corgi загружена успешно.
2024-11-27 02:17:56,642 - DEBUG - STREAM b'IHDR' 16 13
2024-11-27 02:17:56,642 - DEBUG - STREAM b'pHYs' 41 9
2024-11-27 02:17:56,642 - DEBUG - STREAM b'IDAT' 62 220337
2024-11-27 02:17:56,664 - INFO - Собака Golden Retriever загружена успешно.
2024-11-27 02:17:56,664 - DEBUG - STREAM b'IHDR' 16 13
2024-11-27 02:17:56,664 - DEBUG - STREAM b'pHYs' 41 9
2024-11-27 02:17:56,664 - DEBUG - STREAM b'IDAT' 62 177624
2024-11-27 02:17:56,676 - INFO - Собака Husky загружена успешно.
2024-11-27 02:17:56,677 - DEBUG - STREAM b'IHDR' 16 13
2024-11-27 02:17:56,677 - DEBUG - STREAM b'pHYs' 41 9
2024-11-27 02:17:56,677 - DEBUG - STREAM b'IDAT' 62 232384
2024-11-27 02:17:56,691 - INFO - Собака Pomeranian загружена успешно.
2024-11-27 02:17:56,691 - DEBUG - STREAM b'IHDR' 16 13
2024-11-27 02:17:56,691 - DEBUG - STREAM b'pHYs' 41 9
2024-11-27 02:17:56,692 - DEBUG - STREAM b'IDAT' 62 261264
2024-11-27 02:17:56,708 - INFO - Собака Pug загружена успешно.
2024-11-27 02:17:56,709 - DEBUG - STREAM b'IHDR' 16 13
2024-11-27 02:17:56,709 - DEBUG - STREAM b'pHYs' 41 9
2024-11-27 02:17:56,709 - DEBUG - STREAM b'IDAT' 62 348922
2024-11-27 02:17:56,733 - INFO - Собака Yorkshire Terrier загружена успешно.
2024-11-27 02:17:57,660 - INFO - Собака Chihuahua выбрана.
2024-11-27 02:17:57,678 - DEBUG - STREAM b'IHDR' 16 13
2024-11-27 02:17:57,679 - DEBUG - STREAM b'pHYs' 41 9
2024-11-27 02:17:57,679 - DEBUG - STREAM b'IDAT' 62 840969
2024-11-27 02:17:57,741 - INFO - Фон игры загружен успешно.
2024-11-27 02:17:57,741 - INFO - Отображение выбора уровня...
2024-11-27 02:17:58,501 - INFO - Запуск уровня 1...
2024-11-27 02:18:01,544 - DEBUG - STREAM b'IHDR' 16 13
2024-11-27 02:18:01,544 - DEBUG - STREAM b'pHYs' 41 9
2024-11-27 02:18:01,544 - DEBUG - STREAM b'IDAT' 62 333841
2024-11-27 02:20:14,984 - DEBUG - STREAM b'IHDR' 16 13
2024-11-27 02:20:14,984 - DEBUG - STREAM b'pHYs' 41 9
2024-11-27 02:20:14,984 - DEBUG - STREAM b'IDAT' 62 333841
2024-11-27 02:20:15,011 - DEBUG - STREAM b'IHDR' 16 13
2024-11-27 02:20:15,011 - DEBUG - STREAM b'pHYs' 41 9
2024-11-27 02:20:15,011 - DEBUG - STREAM b'IDAT' 62 259015
2024-11-27 02:20:15,027 - DEBUG - STREAM b'IHDR' 16 13
2024-11-27 02:20:15,027 - DEBUG - STREAM b'pHYs' 41 9
2024-11-27 02:20:15,028 - DEBUG - STREAM b'IDAT' 62 220337
2024-11-27 02:20:15,042 - DEBUG - STREAM b'IHDR' 16 13
2024-11-27 02:20:15,043 - DEBUG - STREAM b'pHYs' 41 9
2024-11-27 02:20:15,043 - DEBUG - STREAM b'IDAT' 62 177624
2024-11-27 02:20:15,054 - DEBUG - STREAM b'IHDR' 16 13
2024-11-27 02:20:15,054 - DEBUG - STREAM b'pHYs' 41 9
2024-11-27 02:20:15,054 - DEBUG - STREAM b'IDAT' 62 232384
2024-11-27 02:20:15,067 - DEBUG - STREAM b'IHDR' 16 13
2024-11-27 02:20:15,067 - DEBUG - STREAM b'pHYs' 41 9
2024-11-27 02:20:15,067 - DEBUG - STREAM b'IDAT' 62 261264
2024-11-27 02:20:15,081 - DEBUG - STREAM b'IHDR' 16 13
2024-11-27 02:20:15,081 - DEBUG - STREAM b'pHYs' 41 9
2024-11-27 02:20:15,081 - DEBUG - STREAM b'IDAT' 62 348922
2024-11-27 02:20:23,445 - DEBUG - STREAM b'IHDR' 16 13
2024-11-27 02:20:23,445 - DEBUG - STREAM b'pHYs' 41 9
2024-11-27 02:20:23,445 - DEBUG - STREAM b'IDAT' 62 29837
2024-11-27 02:21:18,582 - DEBUG - STREAM b'IHDR' 16 13
2024-11-27 02:21:18,582 - DEBUG - STREAM b'pHYs' 41 9
2024-11-27 02:21:18,582 - DEBUG - STREAM b'IDAT' 62 333841
2024-11-27 02:21:18,605 - DEBUG - STREAM b'IHDR' 16 13
2024-11-27 02:21:18,605 - DEBUG - STREAM b'pHYs' 41 9
2024-11-27 02:21:18,605 - DEBUG - STREAM b'IDAT' 62 259015
2024-11-27 02:21:18,620 - DEBUG - STREAM b'IHDR' 16 13
2024-11-27 02:21:18,621 - DEBUG - STREAM b'pHYs' 41 9
2024-11-27 02:21:18,621 - DEBUG - STREAM b'IDAT' 62 220337
2024-11-27 02:21:18,635 - DEBUG - STREAM b'IHDR' 16 13
2024-11-27 02:21:18,635 - DEBUG - STREAM b'pHYs' 41 9
2024-11-27 02:21:18,635 - DEBUG - STREAM b'IDAT' 62 177624
2024-11-27 02:21:18,645 - DEBUG - STREAM b'IHDR' 16 13
2024-11-27 02:21:18,645 - DEBUG - STREAM b'pHYs' 41 9
2024-11-27 02:21:18,645 - DEBUG - STREAM b'IDAT' 62 232384
2024-11-27 02:21:18,658 - DEBUG - STREAM b'IHDR' 16 13
2024-11-27 02:21:18,658 - DEBUG - STREAM b'pHYs' 41 9
2024-11-27 02:21:18,658 - DEBUG - STREAM b'IDAT' 62 261264
2024-11-27 02:21:18,672 - DEBUG - STREAM b'IHDR' 16 13
2024-11-27 02:21:18,672 - DEBUG - STREAM b'pHYs' 41 9
2024-11-27 02:21:18,672 - DEBUG - STREAM b'IDAT' 62 348922
2024-11-27 02:21:19,563 - DEBUG - STREAM b'IHDR' 16 13
2024-11-27 02:21:19,563 - DEBUG - STREAM b'pHYs' 41 9
2024-11-27 02:21:19,563 - DEBUG - STREAM b'IDAT' 62 29837
2024-11-27 02:21:19,580 - DEBUG - STREAM b'IHDR' 16 13
2024-11-27 02:21:19,580 - DEBUG - STREAM b'pHYs' 41 9
2024-11-27 02:21:19,581 - DEBUG - STREAM b'IDAT' 62 840969
2024-11-27 02:21:19,648 - INFO - Фон игры загружен успешно.
2024-11-27 02:21:19,649 - INFO - Отображение выбора собаки...
2024-11-27 02:21:19,650 - DEBUG - STREAM b'IHDR' 16 13
2024-11-27 02:21:19,650 - DEBUG - STREAM b'pHYs' 41 9
2024-11-27 02:21:19,650 - DEBUG - STREAM b'IDAT' 62 333841
2024-11-27 02:21:19,669 - INFO - Собака Chihuahua загружена успешно.
2024-11-27 02:21:19,669 - DEBUG - STREAM b'IHDR' 16 13
2024-11-27 02:21:19,669 - DEBUG - STREAM b'pHYs' 41 9
2024-11-27 02:21:19,669 - DEBUG - STREAM b'IDAT' 62 259015
2024-11-27 02:21:19,691 - INFO - Собака Corgi загружена успешно.
2024-11-27 02:21:19,692 - DEBUG - STREAM b'IHDR' 16 13
2024-11-27 02:21:19,692 - DEBUG - STREAM b'pHYs' 41 9
2024-11-27 02:21:19,692 - DEBUG - STREAM b'IDAT' 62 220337
2024-11-27 02:21:19,713 - INFO - Собака Golden Retriever загружена успешно.
2024-11-27 02:21:19,714 - DEBUG - STREAM b'IHDR' 16 13
2024-11-27 02:21:19,714 - DEBUG - STREAM b'pHYs' 41 9
2024-11-27 02:21:19,714 - DEBUG - STREAM b'IDAT' 62 177624
2024-11-27 02:21:19,726 - INFO - Собака Husky загружена успешно.
2024-11-27 02:21:19,727 - DEBUG - STREAM b'IHDR' 16 13
2024-11-27 02:21:19,727 - DEBUG - STREAM b'pHYs' 41 9
2024-11-27 02:21:19,727 - DEBUG - STREAM b'IDAT' 62 232384
2024-11-27 02:21:19,741 - INFO - Собака Pomeranian загружена успешно.
2024-11-27 02:21:19,741 - DEBUG - STREAM b'IHDR' 16 13
2024-11-27 02:21:19,741 - DEBUG - STREAM b'pHYs' 41 9
2024-11-27 02:21:19,741 - DEBUG - STREAM b'IDAT' 62 261264
2024-11-27 02:21:19,757 - INFO - Собака Pug загружена успешно.
2024-11-27 02:21:19,758 - DEBUG - STREAM b'IHDR' 16 13
2024-11-27 02:21:19,758 - DEBUG - STREAM b'pHYs' 41 9
2024-11-27 02:21:19,758 - DEBUG - STREAM b'IDAT' 62 348922
2024-11-27 02:21:19,782 - INFO - Собака Yorkshire Terrier загружена успешно.
2024-11-27 02:21:20,762 - INFO - Собака Chihuahua выбрана.
2024-11-27 02:21:20,781 - DEBUG - STREAM b'IHDR' 16 13
2024-11-27 02:21:20,781 - DEBUG - STREAM b'pHYs' 41 9
2024-11-27 02:21:20,781 - DEBUG - STREAM b'IDAT' 62 840969
2024-11-27 02:21:20,844 - INFO - Фон игры загружен успешно.
2024-11-27 02:21:20,845 - INFO - Отображение выбора уровня...
2024-11-27 02:21:27,348 - INFO - Запуск уровня 1...
2024-11-27 02:21:30,387 - DEBUG - STREAM b'IHDR' 16 13
2024-11-27 02:21:30,387 - DEBUG - STREAM b'pHYs' 41 9
2024-11-27 02:21:30,388 - DEBUG - STREAM b'IDAT' 62 333841
2024-11-27 02:21:30,399 - INFO - Собака Chihuahua отображена на карте.
2024-11-27 02:22:36,113 - DEBUG - STREAM b'IHDR' 16 13
2024-11-27 02:22:36,113 - DEBUG - STREAM b'pHYs' 41 9
2024-11-27 02:22:36,113 - DEBUG - STREAM b'IDAT' 62 333841
2024-11-27 02:22:36,139 - DEBUG - STREAM b'IHDR' 16 13
2024-11-27 02:22:36,139 - DEBUG - STREAM b'pHYs' 41 9
2024-11-27 02:22:36,139 - DEBUG - STREAM b'IDAT' 62 259015
2024-11-27 02:22:36,155 - DEBUG - STREAM b'IHDR' 16 13
2024-11-27 02:22:36,155 - DEBUG - STREAM b'pHYs' 41 9
2024-11-27 02:22:36,155 - DEBUG - STREAM b'IDAT' 62 220337
2024-11-27 02:22:36,170 - DEBUG - STREAM b'IHDR' 16 13
2024-11-27 02:22:36,170 - DEBUG - STREAM b'pHYs' 41 9
2024-11-27 02:22:36,170 - DEBUG - STREAM b'IDAT' 62 177624
2024-11-27 02:22:36,181 - DEBUG - STREAM b'IHDR' 16 13
2024-11-27 02:22:36,181 - DEBUG - STREAM b'pHYs' 41 9
2024-11-27 02:22:36,181 - DEBUG - STREAM b'IDAT' 62 232384
2024-11-27 02:22:36,194 - DEBUG - STREAM b'IHDR' 16 13
2024-11-27 02:22:36,194 - DEBUG - STREAM b'pHYs' 41 9
2024-11-27 02:22:36,194 - DEBUG - STREAM b'IDAT' 62 261264
2024-11-27 02:22:36,208 - DEBUG - STREAM b'IHDR' 16 13
2024-11-27 02:22:36,208 - DEBUG - STREAM b'pHYs' 41 9
2024-11-27 02:22:36,208 - DEBUG - STREAM b'IDAT' 62 348922
2024-11-27 02:22:42,783 - DEBUG - STREAM b'IHDR' 16 13
2024-11-27 02:22:42,784 - DEBUG - STREAM b'pHYs' 41 9
2024-11-27 02:22:42,784 - DEBUG - STREAM b'IDAT' 62 333841
2024-11-27 02:22:42,819 - DEBUG - STREAM b'IHDR' 16 13
2024-11-27 02:22:42,819 - DEBUG - STREAM b'pHYs' 41 9
2024-11-27 02:22:42,819 - DEBUG - STREAM b'IDAT' 62 259015
2024-11-27 02:22:42,835 - DEBUG - STREAM b'IHDR' 16 13
2024-11-27 02:22:42,835 - DEBUG - STREAM b'pHYs' 41 9
2024-11-27 02:22:42,836 - DEBUG - STREAM b'IDAT' 62 220337
2024-11-27 02:22:42,850 - DEBUG - STREAM b'IHDR' 16 13
2024-11-27 02:22:42,850 - DEBUG - STREAM b'pHYs' 41 9
2024-11-27 02:22:42,850 - DEBUG - STREAM b'IDAT' 62 177624
2024-11-27 02:22:42,862 - DEBUG - STREAM b'IHDR' 16 13
2024-11-27 02:22:42,862 - DEBUG - STREAM b'pHYs' 41 9
2024-11-27 02:22:42,862 - DEBUG - STREAM b'IDAT' 62 232384
2024-11-27 02:22:42,874 - DEBUG - STREAM b'IHDR' 16 13
2024-11-27 02:22:42,875 - DEBUG - STREAM b'pHYs' 41 9
2024-11-27 02:22:42,875 - DEBUG - STREAM b'IDAT' 62 261264
2024-11-27 02:22:42,889 - DEBUG - STREAM b'IHDR' 16 13
2024-11-27 02:22:42,889 - DEBUG - STREAM b'pHYs' 41 9
2024-11-27 02:22:42,889 - DEBUG - STREAM b'IDAT' 62 348922
2024-11-27 02:22:53,036 - DEBUG - STREAM b'IHDR' 16 13
2024-11-27 02:22:53,036 - DEBUG - STREAM b'pHYs' 41 9
2024-11-27 02:22:53,036 - DEBUG - STREAM b'IDAT' 62 333841
2024-11-27 02:22:53,062 - DEBUG - STREAM b'IHDR' 16 13
2024-11-27 02:22:53,062 - DEBUG - STREAM b'pHYs' 41 9
2024-11-27 02:22:53,062 - DEBUG - STREAM b'IDAT' 62 259015
2024-11-27 02:22:53,079 - DEBUG - STREAM b'IHDR' 16 13
2024-11-27 02:22:53,079 - DEBUG - STREAM b'pHYs' 41 9
2024-11-27 02:22:53,079 - DEBUG - STREAM b'IDAT' 62 220337
2024-11-27 02:22:53,095 - DEBUG - STREAM b'IHDR' 16 13
2024-11-27 02:22:53,095 - DEBUG - STREAM b'pHYs' 41 9
2024-11-27 02:22:53,095 - DEBUG - STREAM b'IDAT' 62 177624
2024-11-27 02:22:53,106 - DEBUG - STREAM b'IHDR' 16 13
2024-11-27 02:22:53,106 - DEBUG - STREAM b'pHYs' 41 9
2024-11-27 02:22:53,106 - DEBUG - STREAM b'IDAT' 62 232384
2024-11-27 02:22:53,119 - DEBUG - STREAM b'IHDR' 16 13
2024-11-27 02:22:53,119 - DEBUG - STREAM b'pHYs' 41 9
2024-11-27 02:22:53,119 - DEBUG - STREAM b'IDAT' 62 261264
2024-11-27 02:22:53,132 - DEBUG - STREAM b'IHDR' 16 13
2024-11-27 02:22:53,133 - DEBUG - STREAM b'pHYs' 41 9
2024-11-27 02:22:53,133 - DEBUG - STREAM b'IDAT' 62 348922
2024-11-27 02:23:20,172 - DEBUG - STREAM b'IHDR' 16 13
2024-11-27 02:23:20,173 - DEBUG - STREAM b'pHYs' 41 9
2024-11-27 02:23:20,173 - DEBUG - STREAM b'IDAT' 62 333841
2024-11-27 02:23:20,196 - DEBUG - STREAM b'IHDR' 16 13
2024-11-27 02:23:20,196 - DEBUG - STREAM b'pHYs' 41 9
2024-11-27 02:23:20,196 - DEBUG - STREAM b'IDAT' 62 259015
2024-11-27 02:23:20,213 - DEBUG - STREAM b'IHDR' 16 13
2024-11-27 02:23:20,213 - DEBUG - STREAM b'pHYs' 41 9
2024-11-27 02:23:20,213 - DEBUG - STREAM b'IDAT' 62 220337
2024-11-27 02:23:20,228 - DEBUG - STREAM b'IHDR' 16 13
2024-11-27 02:23:20,228 - DEBUG - STREAM b'pHYs' 41 9
2024-11-27 02:23:20,228 - DEBUG - STREAM b'IDAT' 62 177624
2024-11-27 02:23:20,238 - DEBUG - STREAM b'IHDR' 16 13
2024-11-27 02:23:20,238 - DEBUG - STREAM b'pHYs' 41 9
2024-11-27 02:23:20,238 - DEBUG - STREAM b'IDAT' 62 232384
2024-11-27 02:23:20,250 - DEBUG - STREAM b'IHDR' 16 13
2024-11-27 02:23:20,250 - DEBUG - STREAM b'pHYs' 41 9
2024-11-27 02:23:20,250 - DEBUG - STREAM b'IDAT' 62 261264
2024-11-27 02:23:20,263 - DEBUG - STREAM b'IHDR' 16 13
2024-11-27 02:23:20,263 - DEBUG - STREAM b'pHYs' 41 9
2024-11-27 02:23:20,264 - DEBUG - STREAM b'IDAT' 62 348922
2024-11-27 02:23:20,905 - DEBUG - STREAM b'IHDR' 16 13
2024-11-27 02:23:20,905 - DEBUG - STREAM b'pHYs' 41 9
2024-11-27 02:23:20,905 - DEBUG - STREAM b'IDAT' 62 29837
2024-11-27 02:23:34,593 - DEBUG - STREAM b'IHDR' 16 13
2024-11-27 02:23:34,593 - DEBUG - STREAM b'pHYs' 41 9
2024-11-27 02:23:34,593 - DEBUG - STREAM b'IDAT' 62 333841
2024-11-27 02:23:34,627 - DEBUG - STREAM b'IHDR' 16 13
2024-11-27 02:23:34,627 - DEBUG - STREAM b'pHYs' 41 9
2024-11-27 02:23:34,627 - DEBUG - STREAM b'IDAT' 62 259015
2024-11-27 02:23:34,648 - DEBUG - STREAM b'IHDR' 16 13
2024-11-27 02:23:34,648 - DEBUG - STREAM b'pHYs' 41 9
2024-11-27 02:23:34,648 - DEBUG - STREAM b'IDAT' 62 220337
2024-11-27 02:23:34,663 - DEBUG - STREAM b'IHDR' 16 13
2024-11-27 02:23:34,663 - DEBUG - STREAM b'pHYs' 41 9
2024-11-27 02:23:34,663 - DEBUG - STREAM b'IDAT' 62 177624
2024-11-27 02:23:34,676 - DEBUG - STREAM b'IHDR' 16 13
2024-11-27 02:23:34,676 - DEBUG - STREAM b'pHYs' 41 9
2024-11-27 02:23:34,676 - DEBUG - STREAM b'IDAT' 62 232384
2024-11-27 02:23:34,689 - DEBUG - STREAM b'IHDR' 16 13
2024-11-27 02:23:34,689 - DEBUG - STREAM b'pHYs' 41 9
2024-11-27 02:23:34,689 - DEBUG - STREAM b'IDAT' 62 261264
2024-11-27 02:23:34,702 - DEBUG - STREAM b'IHDR' 16 13
2024-11-27 02:23:34,702 - DEBUG - STREAM b'pHYs' 41 9
2024-11-27 02:23:34,702 - DEBUG - STREAM b'IDAT' 62 348922
2024-11-27 02:23:35,962 - DEBUG - STREAM b'IHDR' 16 13
2024-11-27 02:23:35,962 - DEBUG - STREAM b'pHYs' 41 9
2024-11-27 02:23:35,962 - DEBUG - STREAM b'IDAT' 62 29837
2024-11-27 02:23:35,979 - DEBUG - STREAM b'IHDR' 16 13
2024-11-27 02:23:35,979 - DEBUG - STREAM b'pHYs' 41 9
2024-11-27 02:23:35,980 - DEBUG - STREAM b'IDAT' 62 840969
2024-11-27 02:23:36,047 - INFO - Фон игры загружен успешно.
2024-11-27 02:23:36,047 - INFO - Отображение выбора собаки...
2024-11-27 02:23:36,048 - DEBUG - STREAM b'IHDR' 16 13
2024-11-27 02:23:36,049 - DEBUG - STREAM b'pHYs' 41 9
2024-11-27 02:23:36,049 - DEBUG - STREAM b'IDAT' 62 333841
2024-11-27 02:23:36,067 - INFO - Собака Chihuahua загружена успешно.
2024-11-27 02:23:36,067 - DEBUG - STREAM b'IHDR' 16 13
2024-11-27 02:23:36,067 - DEBUG - STREAM b'pHYs' 41 9
2024-11-27 02:23:36,067 - DEBUG - STREAM b'IDAT' 62 259015
2024-11-27 02:23:36,089 - INFO - Собака Corgi загружена успешно.
2024-11-27 02:23:36,089 - DEBUG - STREAM b'IHDR' 16 13
2024-11-27 02:23:36,089 - DEBUG - STREAM b'pHYs' 41 9
2024-11-27 02:23:36,090 - DEBUG - STREAM b'IDAT' 62 220337
2024-11-27 02:23:36,111 - INFO - Собака Golden Retriever загружена успешно.
2024-11-27 02:23:36,111 - DEBUG - STREAM b'IHDR' 16 13
2024-11-27 02:23:36,112 - DEBUG - STREAM b'pHYs' 41 9
2024-11-27 02:23:36,112 - DEBUG - STREAM b'IDAT' 62 177624
2024-11-27 02:23:36,124 - INFO - Собака Husky загружена успешно.
2024-11-27 02:23:36,124 - DEBUG - STREAM b'IHDR' 16 13
2024-11-27 02:23:36,124 - DEBUG - STREAM b'pHYs' 41 9
2024-11-27 02:23:36,124 - DEBUG - STREAM b'IDAT' 62 232384
2024-11-27 02:23:36,138 - INFO - Собака Pomeranian загружена успешно.
2024-11-27 02:23:36,139 - DEBUG - STREAM b'IHDR' 16 13
2024-11-27 02:23:36,139 - DEBUG - STREAM b'pHYs' 41 9
2024-11-27 02:23:36,139 - DEBUG - STREAM b'IDAT' 62 261264
2024-11-27 02:23:36,155 - INFO - Собака Pug загружена успешно.
2024-11-27 02:23:36,155 - DEBUG - STREAM b'IHDR' 16 13
2024-11-27 02:23:36,155 - DEBUG - STREAM b'pHYs' 41 9
2024-11-27 02:23:36,155 - DEBUG - STREAM b'IDAT' 62 348922
2024-11-27 02:23:36,179 - INFO - Собака Yorkshire Terrier загружена успешно.
2024-11-27 02:23:37,157 - INFO - Собака Chihuahua выбрана.
2024-11-27 02:23:37,177 - DEBUG - STREAM b'IHDR' 16 13
2024-11-27 02:23:37,177 - DEBUG - STREAM b'pHYs' 41 9
2024-11-27 02:23:37,177 - DEBUG - STREAM b'IDAT' 62 840969
2024-11-27 02:23:37,240 - INFO - Фон игры загружен успешно.
2024-11-27 02:23:37,241 - INFO - Отображение выбора уровня...
2024-11-27 02:23:39,471 - INFO - Запуск уровня 1...
2024-11-27 02:23:42,524 - DEBUG - STREAM b'IHDR' 16 13
2024-11-27 02:23:42,524 - DEBUG - STREAM b'pHYs' 41 9
2024-11-27 02:23:42,524 - DEBUG - STREAM b'IDAT' 62 333841
2024-11-27 02:23:42,535 - INFO - Собака Chihuahua отображена на карте.
2024-11-27 02:26:03,078 - DEBUG - STREAM b'IHDR' 16 13
2024-11-27 02:26:03,078 - DEBUG - STREAM b'pHYs' 41 9
2024-11-27 02:26:03,078 - DEBUG - STREAM b'IDAT' 62 333841
2024-11-27 02:26:03,100 - DEBUG - STREAM b'IHDR' 16 13
2024-11-27 02:26:03,100 - DEBUG - STREAM b'pHYs' 41 9
2024-11-27 02:26:03,100 - DEBUG - STREAM b'IDAT' 62 259015
2024-11-27 02:26:03,116 - DEBUG - STREAM b'IHDR' 16 13
2024-11-27 02:26:03,116 - DEBUG - STREAM b'pHYs' 41 9
2024-11-27 02:26:03,116 - DEBUG - STREAM b'IDAT' 62 220337
2024-11-27 02:26:03,130 - DEBUG - STREAM b'IHDR' 16 13
2024-11-27 02:26:03,130 - DEBUG - STREAM b'pHYs' 41 9
2024-11-27 02:26:03,130 - DEBUG - STREAM b'IDAT' 62 177624
2024-11-27 02:26:03,140 - DEBUG - STREAM b'IHDR' 16 13
2024-11-27 02:26:03,140 - DEBUG - STREAM b'pHYs' 41 9
2024-11-27 02:26:03,140 - DEBUG - STREAM b'IDAT' 62 232384
2024-11-27 02:26:03,152 - DEBUG - STREAM b'IHDR' 16 13
2024-11-27 02:26:03,152 - DEBUG - STREAM b'pHYs' 41 9
2024-11-27 02:26:03,152 - DEBUG - STREAM b'IDAT' 62 261264
2024-11-27 02:26:03,165 - DEBUG - STREAM b'IHDR' 16 13
2024-11-27 02:26:03,165 - DEBUG - STREAM b'pHYs' 41 9
2024-11-27 02:26:03,165 - DEBUG - STREAM b'IDAT' 62 348922
2024-11-27 02:26:17,137 - DEBUG - STREAM b'IHDR' 16 13
2024-11-27 02:26:17,138 - DEBUG - STREAM b'pHYs' 41 9
2024-11-27 02:26:17,138 - DEBUG - STREAM b'IDAT' 62 333841
2024-11-27 02:26:17,161 - DEBUG - STREAM b'IHDR' 16 13
2024-11-27 02:26:17,162 - DEBUG - STREAM b'pHYs' 41 9
2024-11-27 02:26:17,162 - DEBUG - STREAM b'IDAT' 62 259015
2024-11-27 02:26:17,177 - DEBUG - STREAM b'IHDR' 16 13
2024-11-27 02:26:17,178 - DEBUG - STREAM b'pHYs' 41 9
2024-11-27 02:26:17,178 - DEBUG - STREAM b'IDAT' 62 220337
2024-11-27 02:26:17,192 - DEBUG - STREAM b'IHDR' 16 13
2024-11-27 02:26:17,192 - DEBUG - STREAM b'pHYs' 41 9
2024-11-27 02:26:17,192 - DEBUG - STREAM b'IDAT' 62 177624
2024-11-27 02:26:17,202 - DEBUG - STREAM b'IHDR' 16 13
2024-11-27 02:26:17,202 - DEBUG - STREAM b'pHYs' 41 9
2024-11-27 02:26:17,202 - DEBUG - STREAM b'IDAT' 62 232384
2024-11-27 02:26:17,214 - DEBUG - STREAM b'IHDR' 16 13
2024-11-27 02:26:17,214 - DEBUG - STREAM b'pHYs' 41 9
2024-11-27 02:26:17,215 - DEBUG - STREAM b'IDAT' 62 261264
2024-11-27 02:26:17,228 - DEBUG - STREAM b'IHDR' 16 13
2024-11-27 02:26:17,228 - DEBUG - STREAM b'pHYs' 41 9
2024-11-27 02:26:17,228 - DEBUG - STREAM b'IDAT' 62 348922
2024-11-27 02:26:17,969 - DEBUG - STREAM b'IHDR' 16 13
2024-11-27 02:26:17,969 - DEBUG - STREAM b'pHYs' 41 9
2024-11-27 02:26:17,969 - DEBUG - STREAM b'IDAT' 62 29837
2024-11-27 02:26:17,986 - DEBUG - STREAM b'IHDR' 16 13
2024-11-27 02:26:17,986 - DEBUG - STREAM b'pHYs' 41 9
2024-11-27 02:26:17,986 - DEBUG - STREAM b'IDAT' 62 840969
2024-11-27 02:26:18,053 - INFO - Фон игры загружен успешно.
2024-11-27 02:26:18,054 - INFO - Отображение выбора собаки...
2024-11-27 02:26:18,055 - DEBUG - STREAM b'IHDR' 16 13
2024-11-27 02:26:18,055 - DEBUG - STREAM b'pHYs' 41 9
2024-11-27 02:26:18,055 - DEBUG - STREAM b'IDAT' 62 333841
2024-11-27 02:26:18,073 - INFO - Собака Chihuahua загружена успешно.
2024-11-27 02:26:18,073 - DEBUG - STREAM b'IHDR' 16 13
2024-11-27 02:26:18,074 - DEBUG - STREAM b'pHYs' 41 9
2024-11-27 02:26:18,074 - DEBUG - STREAM b'IDAT' 62 259015
2024-11-27 02:26:18,095 - INFO - Собака Corgi загружена успешно.
2024-11-27 02:26:18,096 - DEBUG - STREAM b'IHDR' 16 13
2024-11-27 02:26:18,096 - DEBUG - STREAM b'pHYs' 41 9
2024-11-27 02:26:18,096 - DEBUG - STREAM b'IDAT' 62 220337
2024-11-27 02:26:18,117 - INFO - Собака Golden Retriever загружена успешно.
2024-11-27 02:26:18,118 - DEBUG - STREAM b'IHDR' 16 13
2024-11-27 02:26:18,118 - DEBUG - STREAM b'pHYs' 41 9
2024-11-27 02:26:18,118 - DEBUG - STREAM b'IDAT' 62 177624
2024-11-27 02:26:18,131 - INFO - Собака Husky загружена успешно.
2024-11-27 02:26:18,131 - DEBUG - STREAM b'IHDR' 16 13
2024-11-27 02:26:18,131 - DEBUG - STREAM b'pHYs' 41 9
2024-11-27 02:26:18,131 - DEBUG - STREAM b'IDAT' 62 232384
2024-11-27 02:26:18,145 - INFO - Собака Pomeranian загружена успешно.
2024-11-27 02:26:18,146 - DEBUG - STREAM b'IHDR' 16 13
2024-11-27 02:26:18,146 - DEBUG - STREAM b'pHYs' 41 9
2024-11-27 02:26:18,146 - DEBUG - STREAM b'IDAT' 62 261264
2024-11-27 02:26:18,162 - INFO - Собака Pug загружена успешно.
2024-11-27 02:26:18,163 - DEBUG - STREAM b'IHDR' 16 13
2024-11-27 02:26:18,163 - DEBUG - STREAM b'pHYs' 41 9
2024-11-27 02:26:18,163 - DEBUG - STREAM b'IDAT' 62 348922
2024-11-27 02:26:18,187 - INFO - Собака Yorkshire Terrier загружена успешно.
2024-11-27 02:26:19,104 - INFO - Собака Chihuahua выбрана.
2024-11-27 02:26:19,122 - DEBUG - STREAM b'IHDR' 16 13
2024-11-27 02:26:19,122 - DEBUG - STREAM b'pHYs' 41 9
2024-11-27 02:26:19,122 - DEBUG - STREAM b'IDAT' 62 840969
2024-11-27 02:26:19,187 - INFO - Фон игры загружен успешно.
2024-11-27 02:26:19,187 - INFO - Отображение выбора уровня...
2024-11-27 02:26:22,340 - INFO - Запуск уровня 1...
2024-11-27 02:26:25,386 - DEBUG - STREAM b'IHDR' 16 13
2024-11-27 02:26:25,386 - DEBUG - STREAM b'pHYs' 41 9
2024-11-27 02:26:25,386 - DEBUG - STREAM b'IDAT' 62 333841
2024-11-27 02:26:25,398 - INFO - Собака Chihuahua отображена на карте.
2024-11-27 02:30:09,690 - INFO - Логирование игры начато.
2024-11-27 02:30:10,252 - DEBUG - STREAM b'IHDR' 16 13
2024-11-27 02:30:10,252 - DEBUG - STREAM b'pHYs' 41 9
2024-11-27 02:30:10,252 - DEBUG - STREAM b'IDAT' 62 333841
2024-11-27 02:30:10,281 - DEBUG - STREAM b'IHDR' 16 13
2024-11-27 02:30:10,281 - DEBUG - STREAM b'pHYs' 41 9
2024-11-27 02:30:10,281 - DEBUG - STREAM b'IDAT' 62 259015
2024-11-27 02:30:10,297 - DEBUG - STREAM b'IHDR' 16 13
2024-11-27 02:30:10,297 - DEBUG - STREAM b'pHYs' 41 9
2024-11-27 02:30:10,297 - DEBUG - STREAM b'IDAT' 62 220337
2024-11-27 02:30:10,311 - DEBUG - STREAM b'IHDR' 16 13
2024-11-27 02:30:10,311 - DEBUG - STREAM b'pHYs' 41 9
2024-11-27 02:30:10,311 - DEBUG - STREAM b'IDAT' 62 177624
2024-11-27 02:30:10,321 - DEBUG - STREAM b'IHDR' 16 13
2024-11-27 02:30:10,321 - DEBUG - STREAM b'pHYs' 41 9
2024-11-27 02:30:10,321 - DEBUG - STREAM b'IDAT' 62 232384
2024-11-27 02:30:10,334 - DEBUG - STREAM b'IHDR' 16 13
2024-11-27 02:30:10,334 - DEBUG - STREAM b'pHYs' 41 9
2024-11-27 02:30:10,334 - DEBUG - STREAM b'IDAT' 62 261264
2024-11-27 02:30:10,348 - DEBUG - STREAM b'IHDR' 16 13
2024-11-27 02:30:10,348 - DEBUG - STREAM b'pHYs' 41 9
2024-11-27 02:30:10,348 - DEBUG - STREAM b'IDAT' 62 348922
2024-11-27 02:30:18,879 - DEBUG - STREAM b'IHDR' 16 13
2024-11-27 02:30:18,879 - DEBUG - STREAM b'pHYs' 41 9
2024-11-27 02:30:18,879 - DEBUG - STREAM b'IDAT' 62 29837
2024-11-27 02:30:18,895 - DEBUG - STREAM b'IHDR' 16 13
2024-11-27 02:30:18,895 - DEBUG - STREAM b'pHYs' 41 9
2024-11-27 02:30:18,895 - DEBUG - STREAM b'IDAT' 62 840969
2024-11-27 02:30:18,962 - INFO - Фон игры загружен успешно.
2024-11-27 02:30:18,962 - INFO - Отображение выбора собаки...
2024-11-27 02:30:18,963 - DEBUG - STREAM b'IHDR' 16 13
2024-11-27 02:30:18,963 - DEBUG - STREAM b'pHYs' 41 9
2024-11-27 02:30:18,963 - DEBUG - STREAM b'IDAT' 62 333841
2024-11-27 02:30:18,981 - INFO - Собака Chihuahua загружена успешно.
2024-11-27 02:30:18,982 - DEBUG - STREAM b'IHDR' 16 13
2024-11-27 02:30:18,982 - DEBUG - STREAM b'pHYs' 41 9
2024-11-27 02:30:18,982 - DEBUG - STREAM b'IDAT' 62 259015
2024-11-27 02:30:19,004 - INFO - Собака Corgi загружена успешно.
2024-11-27 02:30:19,004 - DEBUG - STREAM b'IHDR' 16 13
2024-11-27 02:30:19,004 - DEBUG - STREAM b'pHYs' 41 9
2024-11-27 02:30:19,004 - DEBUG - STREAM b'IDAT' 62 220337
2024-11-27 02:30:19,026 - INFO - Собака Golden Retriever загружена успешно.
2024-11-27 02:30:19,026 - DEBUG - STREAM b'IHDR' 16 13
2024-11-27 02:30:19,026 - DEBUG - STREAM b'pHYs' 41 9
2024-11-27 02:30:19,026 - DEBUG - STREAM b'IDAT' 62 177624
2024-11-27 02:30:19,039 - INFO - Собака Husky загружена успешно.
2024-11-27 02:30:19,039 - DEBUG - STREAM b'IHDR' 16 13
2024-11-27 02:30:19,039 - DEBUG - STREAM b'pHYs' 41 9
2024-11-27 02:30:19,039 - DEBUG - STREAM b'IDAT' 62 232384
2024-11-27 02:30:19,053 - INFO - Собака Pomeranian загружена успешно.
2024-11-27 02:30:19,053 - DEBUG - STREAM b'IHDR' 16 13
2024-11-27 02:30:19,054 - DEBUG - STREAM b'pHYs' 41 9
2024-11-27 02:30:19,054 - DEBUG - STREAM b'IDAT' 62 261264
2024-11-27 02:30:19,069 - INFO - Собака Pug загружена успешно.
2024-11-27 02:30:19,070 - DEBUG - STREAM b'IHDR' 16 13
2024-11-27 02:30:19,070 - DEBUG - STREAM b'pHYs' 41 9
2024-11-27 02:30:19,070 - DEBUG - STREAM b'IDAT' 62 348922
2024-11-27 02:30:19,094 - INFO - Собака Yorkshire Terrier загружена успешно.
2024-11-27 02:30:20,477 - INFO - Собака Chihuahua выбрана.
2024-11-27 02:30:20,498 - DEBUG - STREAM b'IHDR' 16 13
2024-11-27 02:30:20,499 - DEBUG - STREAM b'pHYs' 41 9
2024-11-27 02:30:20,499 - DEBUG - STREAM b'IDAT' 62 840969
2024-11-27 02:30:20,561 - INFO - Фон игры загружен успешно.
2024-11-27 02:30:20,562 - INFO - Отображение выбора уровня...
2024-11-27 02:30:21,583 - INFO - Запуск уровня 1...
2024-11-27 02:30:24,633 - DEBUG - STREAM b'IHDR' 16 13
2024-11-27 02:30:24,633 - DEBUG - STREAM b'pHYs' 41 9
2024-11-27 02:30:24,633 - DEBUG - STREAM b'IDAT' 62 333841
2024-11-27 02:30:25,416 - INFO - Собака двигается вправо на позицию [1, 0]
2024-11-27 02:30:25,416 - DEBUG - STREAM b'IHDR' 16 13
2024-11-27 02:30:25,416 - DEBUG - STREAM b'pHYs' 41 9
2024-11-27 02:30:25,416 - DEBUG - STREAM b'IDAT' 62 333841
2024-11-27 02:30:26,344 - INFO - Собака двигается влево на позицию [0, 0]
2024-11-27 02:30:26,345 - DEBUG - STREAM b'IHDR' 16 13
2024-11-27 02:30:26,345 - DEBUG - STREAM b'pHYs' 41 9
2024-11-27 02:30:26,345 - DEBUG - STREAM b'IDAT' 62 333841
2024-11-27 02:30:28,092 - INFO - Собака двигается вправо на позицию [1, 0]
2024-11-27 02:30:28,092 - DEBUG - STREAM b'IHDR' 16 13
2024-11-27 02:30:28,092 - DEBUG - STREAM b'pHYs' 41 9
2024-11-27 02:30:28,092 - DEBUG - STREAM b'IDAT' 62 333841
2024-11-27 02:30:28,902 - INFO - Собака двигается влево на позицию [0, 0]
2024-11-27 02:30:28,902 - DEBUG - STREAM b'IHDR' 16 13
2024-11-27 02:30:28,902 - DEBUG - STREAM b'pHYs' 41 9
2024-11-27 02:30:28,903 - DEBUG - STREAM b'IDAT' 62 333841
2024-11-27 02:30:29,434 - DEBUG - STREAM b'IHDR' 16 13
2024-11-27 02:30:29,434 - DEBUG - STREAM b'pHYs' 41 9
2024-11-27 02:30:29,434 - DEBUG - STREAM b'IDAT' 62 333841
2024-11-27 02:30:29,856 - INFO - Собака двигается вправо на позицию [1, 0]
2024-11-27 02:30:29,856 - DEBUG - STREAM b'IHDR' 16 13
2024-11-27 02:30:29,856 - DEBUG - STREAM b'pHYs' 41 9
2024-11-27 02:30:29,857 - DEBUG - STREAM b'IDAT' 62 333841
2024-11-27 02:30:30,034 - INFO - Собака двигается вниз на позицию [1, 1]
2024-11-27 02:30:30,034 - DEBUG - STREAM b'IHDR' 16 13
2024-11-27 02:30:30,035 - DEBUG - STREAM b'pHYs' 41 9
2024-11-27 02:30:30,035 - DEBUG - STREAM b'IDAT' 62 333841
2024-11-27 02:30:30,220 - INFO - Собака двигается влево на позицию [0, 1]
2024-11-27 02:30:30,220 - DEBUG - STREAM b'IHDR' 16 13
2024-11-27 02:30:30,220 - DEBUG - STREAM b'pHYs' 41 9
2024-11-27 02:30:30,221 - DEBUG - STREAM b'IDAT' 62 333841
2024-11-27 02:30:31,663 - DEBUG - STREAM b'IHDR' 16 13
2024-11-27 02:30:31,664 - DEBUG - STREAM b'pHYs' 41 9
2024-11-27 02:30:31,664 - DEBUG - STREAM b'IDAT' 62 333841
2024-11-27 02:30:34,034 - INFO - Собака двигается вправо на позицию [1, 1]
2024-11-27 02:30:34,035 - DEBUG - STREAM b'IHDR' 16 13
2024-11-27 02:30:34,035 - DEBUG - STREAM b'pHYs' 41 9
2024-11-27 02:30:34,035 - DEBUG - STREAM b'IDAT' 62 333841
2024-11-27 02:35:35,993 - INFO - Логирование игры начато.
2024-11-27 02:35:36,579 - DEBUG - STREAM b'IHDR' 16 13
2024-11-27 02:35:36,579 - DEBUG - STREAM b'pHYs' 41 9
2024-11-27 02:35:36,579 - DEBUG - STREAM b'IDAT' 62 333841
2024-11-27 02:35:36,603 - DEBUG - STREAM b'IHDR' 16 13
2024-11-27 02:35:36,603 - DEBUG - STREAM b'pHYs' 41 9
2024-11-27 02:35:36,603 - DEBUG - STREAM b'IDAT' 62 259015
2024-11-27 02:35:36,619 - DEBUG - STREAM b'IHDR' 16 13
2024-11-27 02:35:36,619 - DEBUG - STREAM b'pHYs' 41 9
2024-11-27 02:35:36,619 - DEBUG - STREAM b'IDAT' 62 220337
2024-11-27 02:35:36,634 - DEBUG - STREAM b'IHDR' 16 13
2024-11-27 02:35:36,634 - DEBUG - STREAM b'pHYs' 41 9
2024-11-27 02:35:36,634 - DEBUG - STREAM b'IDAT' 62 177624
2024-11-27 02:35:36,645 - DEBUG - STREAM b'IHDR' 16 13
2024-11-27 02:35:36,646 - DEBUG - STREAM b'pHYs' 41 9
2024-11-27 02:35:36,646 - DEBUG - STREAM b'IDAT' 62 232384
2024-11-27 02:35:36,659 - DEBUG - STREAM b'IHDR' 16 13
2024-11-27 02:35:36,659 - DEBUG - STREAM b'pHYs' 41 9
2024-11-27 02:35:36,659 - DEBUG - STREAM b'IDAT' 62 261264
2024-11-27 02:35:36,673 - DEBUG - STREAM b'IHDR' 16 13
2024-11-27 02:35:36,673 - DEBUG - STREAM b'pHYs' 41 9
2024-11-27 02:35:36,673 - DEBUG - STREAM b'IDAT' 62 348922
2024-11-27 02:35:37,470 - DEBUG - STREAM b'IHDR' 16 13
2024-11-27 02:35:37,470 - DEBUG - STREAM b'pHYs' 41 9
2024-11-27 02:35:37,470 - DEBUG - STREAM b'IDAT' 62 29837
2024-11-27 02:35:37,487 - DEBUG - STREAM b'IHDR' 16 13
2024-11-27 02:35:37,487 - DEBUG - STREAM b'pHYs' 41 9
2024-11-27 02:35:37,487 - DEBUG - STREAM b'IDAT' 62 840969
2024-11-27 02:35:37,555 - INFO - Фон игры загружен успешно.
2024-11-27 02:35:37,555 - INFO - Отображение выбора собаки...
2024-11-27 02:35:37,556 - DEBUG - STREAM b'IHDR' 16 13
2024-11-27 02:35:37,556 - DEBUG - STREAM b'pHYs' 41 9
2024-11-27 02:35:37,556 - DEBUG - STREAM b'IDAT' 62 333841
2024-11-27 02:35:37,575 - INFO - Собака Chihuahua загружена успешно.
2024-11-27 02:35:37,575 - DEBUG - STREAM b'IHDR' 16 13
2024-11-27 02:35:37,575 - DEBUG - STREAM b'pHYs' 41 9
2024-11-27 02:35:37,575 - DEBUG - STREAM b'IDAT' 62 259015
2024-11-27 02:35:37,597 - INFO - Собака Corgi загружена успешно.
2024-11-27 02:35:37,598 - DEBUG - STREAM b'IHDR' 16 13
2024-11-27 02:35:37,598 - DEBUG - STREAM b'pHYs' 41 9
2024-11-27 02:35:37,598 - DEBUG - STREAM b'IDAT' 62 220337
2024-11-27 02:35:37,619 - INFO - Собака Golden Retriever загружена успешно.
2024-11-27 02:35:37,620 - DEBUG - STREAM b'IHDR' 16 13
2024-11-27 02:35:37,620 - DEBUG - STREAM b'pHYs' 41 9
2024-11-27 02:35:37,620 - DEBUG - STREAM b'IDAT' 62 177624
2024-11-27 02:35:37,632 - INFO - Собака Husky загружена успешно.
2024-11-27 02:35:37,633 - DEBUG - STREAM b'IHDR' 16 13
2024-11-27 02:35:37,633 - DEBUG - STREAM b'pHYs' 41 9
2024-11-27 02:35:37,633 - DEBUG - STREAM b'IDAT' 62 232384
2024-11-27 02:35:37,647 - INFO - Собака Pomeranian загружена успешно.
2024-11-27 02:35:37,647 - DEBUG - STREAM b'IHDR' 16 13
2024-11-27 02:35:37,647 - DEBUG - STREAM b'pHYs' 41 9
2024-11-27 02:35:37,648 - DEBUG - STREAM b'IDAT' 62 261264
2024-11-27 02:35:37,663 - INFO - Собака Pug загружена успешно.
2024-11-27 02:35:37,664 - DEBUG - STREAM b'IHDR' 16 13
2024-11-27 02:35:37,664 - DEBUG - STREAM b'pHYs' 41 9
2024-11-27 02:35:37,664 - DEBUG - STREAM b'IDAT' 62 348922
2024-11-27 02:35:37,688 - INFO - Собака Yorkshire Terrier загружена успешно.
2024-11-27 02:35:39,409 - INFO - Собака Pomeranian выбрана.
2024-11-27 02:35:39,428 - DEBUG - STREAM b'IHDR' 16 13
2024-11-27 02:35:39,428 - DEBUG - STREAM b'pHYs' 41 9
2024-11-27 02:35:39,429 - DEBUG - STREAM b'IDAT' 62 840969
2024-11-27 02:35:39,493 - INFO - Фон игры загружен успешно.
2024-11-27 02:35:39,494 - INFO - Отображение выбора уровня...
2024-11-27 02:35:40,460 - INFO - Запуск уровня 1...
2024-11-27 02:35:43,510 - DEBUG - STREAM b'IHDR' 16 13
2024-11-27 02:35:43,510 - DEBUG - STREAM b'pHYs' 41 9
2024-11-27 02:35:43,510 - DEBUG - STREAM b'IDAT' 62 232384
2024-11-27 02:38:35,346 - INFO - Логирование игры начато.
2024-11-27 02:38:35,916 - DEBUG - STREAM b'IHDR' 16 13
2024-11-27 02:38:35,916 - DEBUG - STREAM b'pHYs' 41 9
2024-11-27 02:38:35,916 - DEBUG - STREAM b'IDAT' 62 333841
2024-11-27 02:38:35,939 - DEBUG - STREAM b'IHDR' 16 13
2024-11-27 02:38:35,939 - DEBUG - STREAM b'pHYs' 41 9
2024-11-27 02:38:35,939 - DEBUG - STREAM b'IDAT' 62 259015
2024-11-27 02:38:35,956 - DEBUG - STREAM b'IHDR' 16 13
2024-11-27 02:38:35,956 - DEBUG - STREAM b'pHYs' 41 9
2024-11-27 02:38:35,956 - DEBUG - STREAM b'IDAT' 62 220337
2024-11-27 02:38:35,972 - DEBUG - STREAM b'IHDR' 16 13
2024-11-27 02:38:35,972 - DEBUG - STREAM b'pHYs' 41 9
2024-11-27 02:38:35,972 - DEBUG - STREAM b'IDAT' 62 177624
2024-11-27 02:38:35,982 - DEBUG - STREAM b'IHDR' 16 13
2024-11-27 02:38:35,982 - DEBUG - STREAM b'pHYs' 41 9
2024-11-27 02:38:35,983 - DEBUG - STREAM b'IDAT' 62 232384
2024-11-27 02:38:35,994 - DEBUG - STREAM b'IHDR' 16 13
2024-11-27 02:38:35,994 - DEBUG - STREAM b'pHYs' 41 9
2024-11-27 02:38:35,994 - DEBUG - STREAM b'IDAT' 62 261264
2024-11-27 02:38:36,008 - DEBUG - STREAM b'IHDR' 16 13
2024-11-27 02:38:36,008 - DEBUG - STREAM b'pHYs' 41 9
2024-11-27 02:38:36,008 - DEBUG - STREAM b'IDAT' 62 348922
2024-11-27 02:38:36,856 - DEBUG - STREAM b'IHDR' 16 13
2024-11-27 02:38:36,857 - DEBUG - STREAM b'pHYs' 41 9
2024-11-27 02:38:36,857 - DEBUG - STREAM b'IDAT' 62 29837
2024-11-27 02:38:36,873 - DEBUG - STREAM b'IHDR' 16 13
2024-11-27 02:38:36,873 - DEBUG - STREAM b'pHYs' 41 9
2024-11-27 02:38:36,873 - DEBUG - STREAM b'IDAT' 62 840969
2024-11-27 02:38:36,939 - INFO - Фон игры загружен успешно.
2024-11-27 02:38:36,939 - INFO - Отображение выбора собаки...
2024-11-27 02:38:36,940 - DEBUG - STREAM b'IHDR' 16 13
2024-11-27 02:38:36,941 - DEBUG - STREAM b'pHYs' 41 9
2024-11-27 02:38:36,941 - DEBUG - STREAM b'IDAT' 62 333841
2024-11-27 02:38:36,957 - INFO - Собака Chihuahua загружена успешно.
2024-11-27 02:38:36,958 - DEBUG - STREAM b'IHDR' 16 13
2024-11-27 02:38:36,958 - DEBUG - STREAM b'pHYs' 41 9
2024-11-27 02:38:36,958 - DEBUG - STREAM b'IDAT' 62 259015
2024-11-27 02:38:36,978 - INFO - Собака Corgi загружена успешно.
2024-11-27 02:38:36,978 - DEBUG - STREAM b'IHDR' 16 13
2024-11-27 02:38:36,979 - DEBUG - STREAM b'pHYs' 41 9
2024-11-27 02:38:36,979 - DEBUG - STREAM b'IDAT' 62 220337
2024-11-27 02:38:36,998 - INFO - Собака Golden Retriever загружена успешно.
2024-11-27 02:38:36,998 - DEBUG - STREAM b'IHDR' 16 13
2024-11-27 02:38:36,999 - DEBUG - STREAM b'pHYs' 41 9
2024-11-27 02:38:36,999 - DEBUG - STREAM b'IDAT' 62 177624
2024-11-27 02:38:37,010 - INFO - Собака Husky загружена успешно.
2024-11-27 02:38:37,011 - DEBUG - STREAM b'IHDR' 16 13
2024-11-27 02:38:37,011 - DEBUG - STREAM b'pHYs' 41 9
2024-11-27 02:38:37,011 - DEBUG - STREAM b'IDAT' 62 232384
2024-11-27 02:38:37,024 - INFO - Собака Pomeranian загружена успешно.
2024-11-27 02:38:37,024 - DEBUG - STREAM b'IHDR' 16 13
2024-11-27 02:38:37,024 - DEBUG - STREAM b'pHYs' 41 9
2024-11-27 02:38:37,025 - DEBUG - STREAM b'IDAT' 62 261264
2024-11-27 02:38:37,039 - INFO - Собака Pug загружена успешно.
2024-11-27 02:38:37,040 - DEBUG - STREAM b'IHDR' 16 13
2024-11-27 02:38:37,040 - DEBUG - STREAM b'pHYs' 41 9
2024-11-27 02:38:37,040 - DEBUG - STREAM b'IDAT' 62 348922
2024-11-27 02:38:37,061 - INFO - Собака Yorkshire Terrier загружена успешно.
2024-11-27 02:38:37,963 - INFO - Собака Chihuahua выбрана.
2024-11-27 02:38:37,983 - DEBUG - STREAM b'IHDR' 16 13
2024-11-27 02:38:37,983 - DEBUG - STREAM b'pHYs' 41 9
2024-11-27 02:38:37,983 - DEBUG - STREAM b'IDAT' 62 840969
2024-11-27 02:38:38,046 - INFO - Фон игры загружен успешно.
2024-11-27 02:38:38,046 - INFO - Отображение выбора уровня...
2024-11-27 02:38:38,878 - INFO - Запуск уровня 1...
2024-11-27 02:38:41,930 - DEBUG - STREAM b'IHDR' 16 13
2024-11-27 02:38:41,930 - DEBUG - STREAM b'pHYs' 41 9
2024-11-27 02:38:41,930 - DEBUG - STREAM b'IDAT' 62 333841
2024-11-27 02:42:50,496 - INFO - Логирование игры начато.
2024-11-27 02:42:51,068 - DEBUG - STREAM b'IHDR' 16 13
2024-11-27 02:42:51,068 - DEBUG - STREAM b'pHYs' 41 9
2024-11-27 02:42:51,068 - DEBUG - STREAM b'IDAT' 62 333841
2024-11-27 02:42:51,091 - DEBUG - STREAM b'IHDR' 16 13
2024-11-27 02:42:51,091 - DEBUG - STREAM b'pHYs' 41 9
2024-11-27 02:42:51,091 - DEBUG - STREAM b'IDAT' 62 259015
2024-11-27 02:42:51,106 - DEBUG - STREAM b'IHDR' 16 13
2024-11-27 02:42:51,106 - DEBUG - STREAM b'pHYs' 41 9
2024-11-27 02:42:51,106 - DEBUG - STREAM b'IDAT' 62 220337
2024-11-27 02:42:51,120 - DEBUG - STREAM b'IHDR' 16 13
2024-11-27 02:42:51,120 - DEBUG - STREAM b'pHYs' 41 9
2024-11-27 02:42:51,120 - DEBUG - STREAM b'IDAT' 62 177624
2024-11-27 02:42:51,131 - DEBUG - STREAM b'IHDR' 16 13
2024-11-27 02:42:51,131 - DEBUG - STREAM b'pHYs' 41 9
2024-11-27 02:42:51,131 - DEBUG - STREAM b'IDAT' 62 232384
2024-11-27 02:42:51,142 - DEBUG - STREAM b'IHDR' 16 13
2024-11-27 02:42:51,143 - DEBUG - STREAM b'pHYs' 41 9
2024-11-27 02:42:51,143 - DEBUG - STREAM b'IDAT' 62 261264
2024-11-27 02:42:51,156 - DEBUG - STREAM b'IHDR' 16 13
2024-11-27 02:42:51,156 - DEBUG - STREAM b'pHYs' 41 9
2024-11-27 02:42:51,156 - DEBUG - STREAM b'IDAT' 62 348922
2024-11-27 02:42:52,042 - DEBUG - STREAM b'IHDR' 16 13
2024-11-27 02:42:52,042 - DEBUG - STREAM b'pHYs' 41 9
2024-11-27 02:42:52,042 - DEBUG - STREAM b'IDAT' 62 29837
2024-11-27 02:42:52,059 - DEBUG - STREAM b'IHDR' 16 13
2024-11-27 02:42:52,059 - DEBUG - STREAM b'pHYs' 41 9
2024-11-27 02:42:52,059 - DEBUG - STREAM b'IDAT' 62 840969
2024-11-27 02:42:52,125 - INFO - Фон игры загружен успешно.
2024-11-27 02:42:52,125 - INFO - Отображение выбора собаки...
2024-11-27 02:42:52,126 - DEBUG - STREAM b'IHDR' 16 13
2024-11-27 02:42:52,126 - DEBUG - STREAM b'pHYs' 41 9
2024-11-27 02:42:52,127 - DEBUG - STREAM b'IDAT' 62 333841
2024-11-27 02:42:52,143 - INFO - Собака Chihuahua загружена успешно.
2024-11-27 02:42:52,144 - DEBUG - STREAM b'IHDR' 16 13
2024-11-27 02:42:52,144 - DEBUG - STREAM b'pHYs' 41 9
2024-11-27 02:42:52,144 - DEBUG - STREAM b'IDAT' 62 259015
2024-11-27 02:42:52,164 - INFO - Собака Corgi загружена успешно.
2024-11-27 02:42:52,164 - DEBUG - STREAM b'IHDR' 16 13
2024-11-27 02:42:52,164 - DEBUG - STREAM b'pHYs' 41 9
2024-11-27 02:42:52,164 - DEBUG - STREAM b'IDAT' 62 220337
2024-11-27 02:42:52,184 - INFO - Собака Golden Retriever загружена успешно.
2024-11-27 02:42:52,184 - DEBUG - STREAM b'IHDR' 16 13
2024-11-27 02:42:52,184 - DEBUG - STREAM b'pHYs' 41 9
2024-11-27 02:42:52,184 - DEBUG - STREAM b'IDAT' 62 177624
2024-11-27 02:42:52,196 - INFO - Собака Husky загружена успешно.
2024-11-27 02:42:52,196 - DEBUG - STREAM b'IHDR' 16 13
2024-11-27 02:42:52,196 - DEBUG - STREAM b'pHYs' 41 9
2024-11-27 02:42:52,196 - DEBUG - STREAM b'IDAT' 62 232384
2024-11-27 02:42:52,209 - INFO - Собака Pomeranian загружена успешно.
2024-11-27 02:42:52,210 - DEBUG - STREAM b'IHDR' 16 13
2024-11-27 02:42:52,210 - DEBUG - STREAM b'pHYs' 41 9
2024-11-27 02:42:52,210 - DEBUG - STREAM b'IDAT' 62 261264
2024-11-27 02:42:52,225 - INFO - Собака Pug загружена успешно.
2024-11-27 02:42:52,225 - DEBUG - STREAM b'IHDR' 16 13
2024-11-27 02:42:52,225 - DEBUG - STREAM b'pHYs' 41 9
2024-11-27 02:42:52,225 - DEBUG - STREAM b'IDAT' 62 348922
2024-11-27 02:42:52,247 - INFO - Собака Yorkshire Terrier загружена успешно.
2024-11-27 02:42:53,249 - INFO - Собака Chihuahua выбрана.
2024-11-27 02:42:53,267 - DEBUG - STREAM b'IHDR' 16 13
2024-11-27 02:42:53,267 - DEBUG - STREAM b'pHYs' 41 9
2024-11-27 02:42:53,268 - DEBUG - STREAM b'IDAT' 62 840969
2024-11-27 02:42:53,329 - INFO - Фон игры загружен успешно.
2024-11-27 02:42:53,330 - INFO - Отображение выбора уровня...
2024-11-27 02:42:54,328 - INFO - Запуск уровня 1...
2024-11-27 02:43:27,499 - INFO - Логирование игры начато.
2024-11-27 02:43:28,048 - DEBUG - STREAM b'IHDR' 16 13
2024-11-27 02:43:28,048 - DEBUG - STREAM b'pHYs' 41 9
2024-11-27 02:43:28,048 - DEBUG - STREAM b'IDAT' 62 333841
2024-11-27 02:43:28,071 - DEBUG - STREAM b'IHDR' 16 13
2024-11-27 02:43:28,071 - DEBUG - STREAM b'pHYs' 41 9
2024-11-27 02:43:28,072 - DEBUG - STREAM b'IDAT' 62 259015
2024-11-27 02:43:28,087 - DEBUG - STREAM b'IHDR' 16 13
2024-11-27 02:43:28,087 - DEBUG - STREAM b'pHYs' 41 9
2024-11-27 02:43:28,087 - DEBUG - STREAM b'IDAT' 62 220337
2024-11-27 02:43:28,103 - DEBUG - STREAM b'IHDR' 16 13
2024-11-27 02:43:28,103 - DEBUG - STREAM b'pHYs' 41 9
2024-11-27 02:43:28,103 - DEBUG - STREAM b'IDAT' 62 177624
2024-11-27 02:43:28,114 - DEBUG - STREAM b'IHDR' 16 13
2024-11-27 02:43:28,114 - DEBUG - STREAM b'pHYs' 41 9
2024-11-27 02:43:28,114 - DEBUG - STREAM b'IDAT' 62 232384
2024-11-27 02:43:28,125 - DEBUG - STREAM b'IHDR' 16 13
2024-11-27 02:43:28,126 - DEBUG - STREAM b'pHYs' 41 9
2024-11-27 02:43:28,126 - DEBUG - STREAM b'IDAT' 62 261264
2024-11-27 02:43:28,139 - DEBUG - STREAM b'IHDR' 16 13
2024-11-27 02:43:28,140 - DEBUG - STREAM b'pHYs' 41 9
2024-11-27 02:43:28,140 - DEBUG - STREAM b'IDAT' 62 348922
2024-11-27 02:43:28,746 - DEBUG - STREAM b'IHDR' 16 13
2024-11-27 02:43:28,747 - DEBUG - STREAM b'pHYs' 41 9
2024-11-27 02:43:28,747 - DEBUG - STREAM b'IDAT' 62 29837
2024-11-27 02:43:28,764 - DEBUG - STREAM b'IHDR' 16 13
2024-11-27 02:43:28,764 - DEBUG - STREAM b'pHYs' 41 9
2024-11-27 02:43:28,764 - DEBUG - STREAM b'IDAT' 62 840969
2024-11-27 02:43:28,832 - INFO - Фон игры загружен успешно.
2024-11-27 02:43:28,832 - INFO - Отображение выбора собаки...
2024-11-27 02:43:28,834 - DEBUG - STREAM b'IHDR' 16 13
2024-11-27 02:43:28,834 - DEBUG - STREAM b'pHYs' 41 9
2024-11-27 02:43:28,834 - DEBUG - STREAM b'IDAT' 62 333841
2024-11-27 02:43:28,853 - INFO - Собака Chihuahua загружена успешно.
2024-11-27 02:43:28,854 - DEBUG - STREAM b'IHDR' 16 13
2024-11-27 02:43:28,854 - DEBUG - STREAM b'pHYs' 41 9
2024-11-27 02:43:28,854 - DEBUG - STREAM b'IDAT' 62 259015
2024-11-27 02:43:28,876 - INFO - Собака Corgi загружена успешно.
2024-11-27 02:43:28,877 - DEBUG - STREAM b'IHDR' 16 13
2024-11-27 02:43:28,877 - DEBUG - STREAM b'pHYs' 41 9
2024-11-27 02:43:28,877 - DEBUG - STREAM b'IDAT' 62 220337
2024-11-27 02:43:28,899 - INFO - Собака Golden Retriever загружена успешно.
2024-11-27 02:43:28,900 - DEBUG - STREAM b'IHDR' 16 13
2024-11-27 02:43:28,900 - DEBUG - STREAM b'pHYs' 41 9
2024-11-27 02:43:28,900 - DEBUG - STREAM b'IDAT' 62 177624
2024-11-27 02:43:28,913 - INFO - Собака Husky загружена успешно.
2024-11-27 02:43:28,913 - DEBUG - STREAM b'IHDR' 16 13
2024-11-27 02:43:28,913 - DEBUG - STREAM b'pHYs' 41 9
2024-11-27 02:43:28,913 - DEBUG - STREAM b'IDAT' 62 232384
2024-11-27 02:43:28,927 - INFO - Собака Pomeranian загружена успешно.
2024-11-27 02:43:28,928 - DEBUG - STREAM b'IHDR' 16 13
2024-11-27 02:43:28,928 - DEBUG - STREAM b'pHYs' 41 9
2024-11-27 02:43:28,928 - DEBUG - STREAM b'IDAT' 62 261264
2024-11-27 02:43:28,944 - INFO - Собака Pug загружена успешно.
2024-11-27 02:43:28,945 - DEBUG - STREAM b'IHDR' 16 13
2024-11-27 02:43:28,945 - DEBUG - STREAM b'pHYs' 41 9
2024-11-27 02:43:28,945 - DEBUG - STREAM b'IDAT' 62 348922
2024-11-27 02:43:28,969 - INFO - Собака Yorkshire Terrier загружена успешно.
2024-11-27 02:43:30,495 - INFO - Собака Chihuahua выбрана.
2024-11-27 02:43:30,514 - DEBUG - STREAM b'IHDR' 16 13
2024-11-27 02:43:30,514 - DEBUG - STREAM b'pHYs' 41 9
2024-11-27 02:43:30,514 - DEBUG - STREAM b'IDAT' 62 840969
2024-11-27 02:43:30,579 - INFO - Фон игры загружен успешно.
2024-11-27 02:43:30,579 - INFO - Отображение выбора уровня...
2024-11-27 02:43:31,459 - INFO - Запуск уровня 1...
2024-11-27 02:45:07,948 - INFO - Логирование игры начато.
2024-11-27 02:45:08,491 - DEBUG - STREAM b'IHDR' 16 13
2024-11-27 02:45:08,491 - DEBUG - STREAM b'pHYs' 41 9
2024-11-27 02:45:08,491 - DEBUG - STREAM b'IDAT' 62 333841
2024-11-27 02:45:08,523 - DEBUG - STREAM b'IHDR' 16 13
2024-11-27 02:45:08,523 - DEBUG - STREAM b'pHYs' 41 9
2024-11-27 02:45:08,523 - DEBUG - STREAM b'IDAT' 62 259015
2024-11-27 02:45:08,540 - DEBUG - STREAM b'IHDR' 16 13
2024-11-27 02:45:08,540 - DEBUG - STREAM b'pHYs' 41 9
2024-11-27 02:45:08,540 - DEBUG - STREAM b'IDAT' 62 220337
2024-11-27 02:45:08,554 - DEBUG - STREAM b'IHDR' 16 13
2024-11-27 02:45:08,555 - DEBUG - STREAM b'pHYs' 41 9
2024-11-27 02:45:08,555 - DEBUG - STREAM b'IDAT' 62 177624
2024-11-27 02:45:08,566 - DEBUG - STREAM b'IHDR' 16 13
2024-11-27 02:45:08,566 - DEBUG - STREAM b'pHYs' 41 9
2024-11-27 02:45:08,566 - DEBUG - STREAM b'IDAT' 62 232384
2024-11-27 02:45:08,578 - DEBUG - STREAM b'IHDR' 16 13
2024-11-27 02:45:08,578 - DEBUG - STREAM b'pHYs' 41 9
2024-11-27 02:45:08,578 - DEBUG - STREAM b'IDAT' 62 261264
2024-11-27 02:45:08,592 - DEBUG - STREAM b'IHDR' 16 13
2024-11-27 02:45:08,592 - DEBUG - STREAM b'pHYs' 41 9
2024-11-27 02:45:08,592 - DEBUG - STREAM b'IDAT' 62 348922
2024-11-27 02:45:09,306 - DEBUG - STREAM b'IHDR' 16 13
2024-11-27 02:45:09,306 - DEBUG - STREAM b'pHYs' 41 9
2024-11-27 02:45:09,306 - DEBUG - STREAM b'IDAT' 62 29837
2024-11-27 02:45:09,324 - DEBUG - STREAM b'IHDR' 16 13
2024-11-27 02:45:09,325 - DEBUG - STREAM b'pHYs' 41 9
2024-11-27 02:45:09,325 - DEBUG - STREAM b'IDAT' 62 840969
2024-11-27 02:45:09,391 - INFO - Фон игры загружен успешно.
2024-11-27 02:45:09,392 - INFO - Отображение выбора собаки...
2024-11-27 02:45:09,393 - DEBUG - STREAM b'IHDR' 16 13
2024-11-27 02:45:09,393 - DEBUG - STREAM b'pHYs' 41 9
2024-11-27 02:45:09,393 - DEBUG - STREAM b'IDAT' 62 333841
2024-11-27 02:45:09,411 - INFO - Собака Chihuahua загружена успешно.
2024-11-27 02:45:09,411 - DEBUG - STREAM b'IHDR' 16 13
2024-11-27 02:45:09,412 - DEBUG - STREAM b'pHYs' 41 9
2024-11-27 02:45:09,412 - DEBUG - STREAM b'IDAT' 62 259015
2024-11-27 02:45:09,434 - INFO - Собака Corgi загружена успешно.
2024-11-27 02:45:09,434 - DEBUG - STREAM b'IHDR' 16 13
2024-11-27 02:45:09,434 - DEBUG - STREAM b'pHYs' 41 9
2024-11-27 02:45:09,434 - DEBUG - STREAM b'IDAT' 62 220337
2024-11-27 02:45:09,456 - INFO - Собака Golden Retriever загружена успешно.
2024-11-27 02:45:09,457 - DEBUG - STREAM b'IHDR' 16 13
2024-11-27 02:45:09,457 - DEBUG - STREAM b'pHYs' 41 9
2024-11-27 02:45:09,457 - DEBUG - STREAM b'IDAT' 62 177624
2024-11-27 02:45:09,470 - INFO - Собака Husky загружена успешно.
2024-11-27 02:45:09,470 - DEBUG - STREAM b'IHDR' 16 13
2024-11-27 02:45:09,470 - DEBUG - STREAM b'pHYs' 41 9
2024-11-27 02:45:09,470 - DEBUG - STREAM b'IDAT' 62 232384
2024-11-27 02:45:09,484 - INFO - Собака Pomeranian загружена успешно.
2024-11-27 02:45:09,485 - DEBUG - STREAM b'IHDR' 16 13
2024-11-27 02:45:09,485 - DEBUG - STREAM b'pHYs' 41 9
2024-11-27 02:45:09,485 - DEBUG - STREAM b'IDAT' 62 261264
2024-11-27 02:45:09,500 - INFO - Собака Pug загружена успешно.
2024-11-27 02:45:09,501 - DEBUG - STREAM b'IHDR' 16 13
2024-11-27 02:45:09,501 - DEBUG - STREAM b'pHYs' 41 9
2024-11-27 02:45:09,501 - DEBUG - STREAM b'IDAT' 62 348922
2024-11-27 02:45:09,523 - INFO - Собака Yorkshire Terrier загружена успешно.
2024-11-27 02:45:12,153 - INFO - Собака Chihuahua выбрана.
2024-11-27 02:45:12,173 - DEBUG - STREAM b'IHDR' 16 13
2024-11-27 02:45:12,174 - DEBUG - STREAM b'pHYs' 41 9
2024-11-27 02:45:12,174 - DEBUG - STREAM b'IDAT' 62 840969
2024-11-27 02:45:12,235 - INFO - Фон игры загружен успешно.
2024-11-27 02:45:12,236 - INFO - Отображение выбора уровня...
2024-11-27 02:45:13,267 - INFO - Запуск уровня 1...
2024-11-27 02:46:48,562 - INFO - Логирование игры начато.
2024-11-27 02:46:49,104 - DEBUG - STREAM b'IHDR' 16 13
2024-11-27 02:46:49,104 - DEBUG - STREAM b'pHYs' 41 9
2024-11-27 02:46:49,104 - DEBUG - STREAM b'IDAT' 62 333841
2024-11-27 02:46:49,127 - DEBUG - STREAM b'IHDR' 16 13
2024-11-27 02:46:49,128 - DEBUG - STREAM b'pHYs' 41 9
2024-11-27 02:46:49,128 - DEBUG - STREAM b'IDAT' 62 259015
2024-11-27 02:46:49,143 - DEBUG - STREAM b'IHDR' 16 13
2024-11-27 02:46:49,143 - DEBUG - STREAM b'pHYs' 41 9
2024-11-27 02:46:49,143 - DEBUG - STREAM b'IDAT' 62 220337
2024-11-27 02:46:49,159 - DEBUG - STREAM b'IHDR' 16 13
2024-11-27 02:46:49,159 - DEBUG - STREAM b'pHYs' 41 9
2024-11-27 02:46:49,159 - DEBUG - STREAM b'IDAT' 62 177624
2024-11-27 02:46:49,170 - DEBUG - STREAM b'IHDR' 16 13
2024-11-27 02:46:49,170 - DEBUG - STREAM b'pHYs' 41 9
2024-11-27 02:46:49,170 - DEBUG - STREAM b'IDAT' 62 232384
2024-11-27 02:46:49,182 - DEBUG - STREAM b'IHDR' 16 13
2024-11-27 02:46:49,183 - DEBUG - STREAM b'pHYs' 41 9
2024-11-27 02:46:49,183 - DEBUG - STREAM b'IDAT' 62 261264
2024-11-27 02:46:49,196 - DEBUG - STREAM b'IHDR' 16 13
2024-11-27 02:46:49,196 - DEBUG - STREAM b'pHYs' 41 9
2024-11-27 02:46:49,196 - DEBUG - STREAM b'IDAT' 62 348922
2024-11-27 02:46:49,990 - DEBUG - STREAM b'IHDR' 16 13
2024-11-27 02:46:49,991 - DEBUG - STREAM b'pHYs' 41 9
2024-11-27 02:46:49,991 - DEBUG - STREAM b'IDAT' 62 29837
2024-11-27 02:46:50,008 - DEBUG - STREAM b'IHDR' 16 13
2024-11-27 02:46:50,008 - DEBUG - STREAM b'pHYs' 41 9
2024-11-27 02:46:50,008 - DEBUG - STREAM b'IDAT' 62 840969
2024-11-27 02:46:50,075 - INFO - Фон игры загружен успешно.
2024-11-27 02:46:50,076 - INFO - Отображение выбора собаки...
2024-11-27 02:46:50,077 - DEBUG - STREAM b'IHDR' 16 13
2024-11-27 02:46:50,077 - DEBUG - STREAM b'pHYs' 41 9
2024-11-27 02:46:50,077 - DEBUG - STREAM b'IDAT' 62 333841
2024-11-27 02:46:50,095 - INFO - Собака Chihuahua загружена успешно.
2024-11-27 02:46:50,096 - DEBUG - STREAM b'IHDR' 16 13
2024-11-27 02:46:50,096 - DEBUG - STREAM b'pHYs' 41 9
2024-11-27 02:46:50,096 - DEBUG - STREAM b'IDAT' 62 259015
2024-11-27 02:46:50,117 - INFO - Собака Corgi загружена успешно.
2024-11-27 02:46:50,118 - DEBUG - STREAM b'IHDR' 16 13
2024-11-27 02:46:50,118 - DEBUG - STREAM b'pHYs' 41 9
2024-11-27 02:46:50,118 - DEBUG - STREAM b'IDAT' 62 220337
2024-11-27 02:46:50,140 - INFO - Собака Golden Retriever загружена успешно.
2024-11-27 02:46:50,140 - DEBUG - STREAM b'IHDR' 16 13
2024-11-27 02:46:50,140 - DEBUG - STREAM b'pHYs' 41 9
2024-11-27 02:46:50,140 - DEBUG - STREAM b'IDAT' 62 177624
2024-11-27 02:46:50,153 - INFO - Собака Husky загружена успешно.
2024-11-27 02:46:50,153 - DEBUG - STREAM b'IHDR' 16 13
2024-11-27 02:46:50,153 - DEBUG - STREAM b'pHYs' 41 9
2024-11-27 02:46:50,154 - DEBUG - STREAM b'IDAT' 62 232384
2024-11-27 02:46:50,168 - INFO - Собака Pomeranian загружена успешно.
2024-11-27 02:46:50,169 - DEBUG - STREAM b'IHDR' 16 13
2024-11-27 02:46:50,169 - DEBUG - STREAM b'pHYs' 41 9
2024-11-27 02:46:50,169 - DEBUG - STREAM b'IDAT' 62 261264
2024-11-27 02:46:50,186 - INFO - Собака Pug загружена успешно.
2024-11-27 02:46:50,186 - DEBUG - STREAM b'IHDR' 16 13
2024-11-27 02:46:50,186 - DEBUG - STREAM b'pHYs' 41 9
2024-11-27 02:46:50,186 - DEBUG - STREAM b'IDAT' 62 348922
2024-11-27 02:46:50,211 - INFO - Собака Yorkshire Terrier загружена успешно.
2024-11-27 02:46:51,165 - INFO - Собака Chihuahua выбрана.
2024-11-27 02:46:51,184 - DEBUG - STREAM b'IHDR' 16 13
2024-11-27 02:46:51,184 - DEBUG - STREAM b'pHYs' 41 9
2024-11-27 02:46:51,184 - DEBUG - STREAM b'IDAT' 62 840969
2024-11-27 02:46:51,249 - INFO - Фон игры загружен успешно.
2024-11-27 02:46:51,249 - INFO - Отображение выбора уровня...
2024-11-27 02:46:52,049 - INFO - Запуск уровня 1...
2024-11-27 03:03:41,543 - INFO - Логирование игры начато.
2024-11-27 03:03:42,120 - DEBUG - STREAM b'IHDR' 16 13
2024-11-27 03:03:42,120 - DEBUG - STREAM b'pHYs' 41 9
2024-11-27 03:03:42,120 - DEBUG - STREAM b'IDAT' 62 333841
2024-11-27 03:03:42,150 - DEBUG - STREAM b'IHDR' 16 13
2024-11-27 03:03:42,150 - DEBUG - STREAM b'pHYs' 41 9
2024-11-27 03:03:42,150 - DEBUG - STREAM b'IDAT' 62 259015
2024-11-27 03:03:42,166 - DEBUG - STREAM b'IHDR' 16 13
2024-11-27 03:03:42,166 - DEBUG - STREAM b'pHYs' 41 9
2024-11-27 03:03:42,167 - DEBUG - STREAM b'IDAT' 62 220337
2024-11-27 03:03:42,182 - DEBUG - STREAM b'IHDR' 16 13
2024-11-27 03:03:42,182 - DEBUG - STREAM b'pHYs' 41 9
2024-11-27 03:03:42,182 - DEBUG - STREAM b'IDAT' 62 177624
2024-11-27 03:03:42,192 - DEBUG - STREAM b'IHDR' 16 13
2024-11-27 03:03:42,193 - DEBUG - STREAM b'pHYs' 41 9
2024-11-27 03:03:42,193 - DEBUG - STREAM b'IDAT' 62 232384
2024-11-27 03:03:42,205 - DEBUG - STREAM b'IHDR' 16 13
2024-11-27 03:03:42,205 - DEBUG - STREAM b'pHYs' 41 9
2024-11-27 03:03:42,205 - DEBUG - STREAM b'IDAT' 62 261264
2024-11-27 03:03:42,218 - DEBUG - STREAM b'IHDR' 16 13
2024-11-27 03:03:42,218 - DEBUG - STREAM b'pHYs' 41 9
2024-11-27 03:03:42,218 - DEBUG - STREAM b'IDAT' 62 348922
2024-11-27 03:03:43,493 - DEBUG - STREAM b'IHDR' 16 13
2024-11-27 03:03:43,493 - DEBUG - STREAM b'pHYs' 41 9
2024-11-27 03:03:43,493 - DEBUG - STREAM b'tEXt' 62 25
2024-11-27 03:03:43,493 - DEBUG - STREAM b'IDAT' 99 8192
2024-11-27 03:03:43,500 - DEBUG - STREAM b'IHDR' 16 13
2024-11-27 03:03:43,500 - DEBUG - STREAM b'pHYs' 41 9
2024-11-27 03:03:43,501 - DEBUG - STREAM b'IDAT' 62 29837
2024-11-27 03:03:43,519 - DEBUG - STREAM b'IHDR' 16 13
2024-11-27 03:03:43,519 - DEBUG - STREAM b'pHYs' 41 9
2024-11-27 03:03:43,519 - DEBUG - STREAM b'IDAT' 62 333841
2024-11-27 03:03:43,539 - DEBUG - STREAM b'IHDR' 16 13
2024-11-27 03:03:43,539 - DEBUG - STREAM b'pHYs' 41 9
2024-11-27 03:03:43,540 - DEBUG - STREAM b'IDAT' 62 259015
2024-11-27 03:03:43,559 - DEBUG - STREAM b'IHDR' 16 13
2024-11-27 03:03:43,560 - DEBUG - STREAM b'pHYs' 41 9
2024-11-27 03:03:43,560 - DEBUG - STREAM b'IDAT' 62 220337
2024-11-27 03:03:43,579 - DEBUG - STREAM b'IHDR' 16 13
2024-11-27 03:03:43,579 - DEBUG - STREAM b'pHYs' 41 9
2024-11-27 03:03:43,579 - DEBUG - STREAM b'IDAT' 62 177624
2024-11-27 03:03:43,590 - DEBUG - STREAM b'IHDR' 16 13
2024-11-27 03:03:43,591 - DEBUG - STREAM b'pHYs' 41 9
2024-11-27 03:03:43,591 - DEBUG - STREAM b'IDAT' 62 232384
2024-11-27 03:03:43,604 - DEBUG - STREAM b'IHDR' 16 13
2024-11-27 03:03:43,604 - DEBUG - STREAM b'pHYs' 41 9
2024-11-27 03:03:43,604 - DEBUG - STREAM b'IDAT' 62 261264
2024-11-27 03:03:43,618 - DEBUG - STREAM b'IHDR' 16 13
2024-11-27 03:03:43,619 - DEBUG - STREAM b'pHYs' 41 9
2024-11-27 03:03:43,619 - DEBUG - STREAM b'IDAT' 62 348922
2024-11-27 03:06:10,373 - INFO - Логирование игры начато.
2024-11-27 03:06:10,948 - DEBUG - STREAM b'IHDR' 16 13
2024-11-27 03:06:10,948 - DEBUG - STREAM b'pHYs' 41 9
2024-11-27 03:06:10,948 - DEBUG - STREAM b'IDAT' 62 333841
2024-11-27 03:06:10,970 - DEBUG - STREAM b'IHDR' 16 13
2024-11-27 03:06:10,970 - DEBUG - STREAM b'pHYs' 41 9
2024-11-27 03:06:10,970 - DEBUG - STREAM b'IDAT' 62 259015
2024-11-27 03:06:10,986 - DEBUG - STREAM b'IHDR' 16 13
2024-11-27 03:06:10,986 - DEBUG - STREAM b'pHYs' 41 9
2024-11-27 03:06:10,986 - DEBUG - STREAM b'IDAT' 62 220337
2024-11-27 03:06:11,000 - DEBUG - STREAM b'IHDR' 16 13
2024-11-27 03:06:11,001 - DEBUG - STREAM b'pHYs' 41 9
2024-11-27 03:06:11,001 - DEBUG - STREAM b'IDAT' 62 177624
2024-11-27 03:06:11,012 - DEBUG - STREAM b'IHDR' 16 13
2024-11-27 03:06:11,012 - DEBUG - STREAM b'pHYs' 41 9
2024-11-27 03:06:11,012 - DEBUG - STREAM b'IDAT' 62 232384
2024-11-27 03:06:11,024 - DEBUG - STREAM b'IHDR' 16 13
2024-11-27 03:06:11,024 - DEBUG - STREAM b'pHYs' 41 9
2024-11-27 03:06:11,024 - DEBUG - STREAM b'IDAT' 62 261264
2024-11-27 03:06:11,038 - DEBUG - STREAM b'IHDR' 16 13
2024-11-27 03:06:11,038 - DEBUG - STREAM b'pHYs' 41 9
2024-11-27 03:06:11,038 - DEBUG - STREAM b'IDAT' 62 348922
2024-11-27 03:06:11,714 - DEBUG - STREAM b'IHDR' 16 13
2024-11-27 03:06:11,714 - DEBUG - STREAM b'pHYs' 41 9
2024-11-27 03:06:11,714 - DEBUG - STREAM b'tEXt' 62 25
2024-11-27 03:06:11,714 - DEBUG - STREAM b'IDAT' 99 8192
2024-11-27 03:06:11,722 - DEBUG - STREAM b'IHDR' 16 13
2024-11-27 03:06:11,722 - DEBUG - STREAM b'pHYs' 41 9
2024-11-27 03:06:11,722 - DEBUG - STREAM b'IDAT' 62 29837
2024-11-27 03:06:11,741 - ERROR - Ошибка загрузки фона: [Errno 2] No such file or directory: 'F:\\Projects\\Dog_Academy\\assets\\backgrounds\\game_bg.jpg'
2024-11-27 03:06:11,742 - DEBUG - STREAM b'IHDR' 16 13
2024-11-27 03:06:11,742 - DEBUG - STREAM b'pHYs' 41 9
2024-11-27 03:06:11,742 - DEBUG - STREAM b'IDAT' 62 333841
2024-11-27 03:06:11,764 - DEBUG - STREAM b'IHDR' 16 13
2024-11-27 03:06:11,765 - DEBUG - STREAM b'pHYs' 41 9
2024-11-27 03:06:11,765 - DEBUG - STREAM b'IDAT' 62 259015
2024-11-27 03:06:11,787 - DEBUG - STREAM b'IHDR' 16 13
2024-11-27 03:06:11,787 - DEBUG - STREAM b'pHYs' 41 9
2024-11-27 03:06:11,787 - DEBUG - STREAM b'IDAT' 62 220337
2024-11-27 03:06:11,809 - DEBUG - STREAM b'IHDR' 16 13
2024-11-27 03:06:11,809 - DEBUG - STREAM b'pHYs' 41 9
2024-11-27 03:06:11,809 - DEBUG - STREAM b'IDAT' 62 177624
2024-11-27 03:06:11,821 - DEBUG - STREAM b'IHDR' 16 13
2024-11-27 03:06:11,821 - DEBUG - STREAM b'pHYs' 41 9
2024-11-27 03:06:11,821 - DEBUG - STREAM b'IDAT' 62 232384
2024-11-27 03:06:11,835 - DEBUG - STREAM b'IHDR' 16 13
2024-11-27 03:06:11,836 - DEBUG - STREAM b'pHYs' 41 9
2024-11-27 03:06:11,836 - DEBUG - STREAM b'IDAT' 62 261264
2024-11-27 03:06:11,852 - DEBUG - STREAM b'IHDR' 16 13
2024-11-27 03:06:11,852 - DEBUG - STREAM b'pHYs' 41 9
2024-11-27 03:06:11,852 - DEBUG - STREAM b'IDAT' 62 348922
2024-11-27 03:06:15,988 - ERROR - Ошибка загрузки фона: [Errno 2] No such file or directory: 'F:\\Projects\\Dog_Academy\\assets\\backgrounds\\game_bg.jpg'
2024-11-27 03:06:20,113 - DEBUG - STREAM b'IHDR' 16 13
2024-11-27 03:06:20,113 - DEBUG - STREAM b'pHYs' 41 9
2024-11-27 03:06:20,113 - DEBUG - STREAM b'IDAT' 62 333841
2024-11-27 03:06:22,564 - DEBUG - STREAM b'IHDR' 16 13
2024-11-27 03:06:22,565 - DEBUG - STREAM b'pHYs' 41 9
2024-11-27 03:06:22,565 - DEBUG - STREAM b'IDAT' 62 333841
2024-11-27 03:06:23,105 - DEBUG - STREAM b'IHDR' 16 13
2024-11-27 03:06:23,105 - DEBUG - STREAM b'pHYs' 41 9
2024-11-27 03:06:23,105 - DEBUG - STREAM b'IDAT' 62 333841
2024-11-27 03:06:23,341 - DEBUG - STREAM b'IHDR' 16 13
2024-11-27 03:06:23,341 - DEBUG - STREAM b'pHYs' 41 9
2024-11-27 03:06:23,341 - DEBUG - STREAM b'IDAT' 62 333841
2024-11-27 03:06:23,949 - DEBUG - STREAM b'IHDR' 16 13
2024-11-27 03:06:23,949 - DEBUG - STREAM b'pHYs' 41 9
2024-11-27 03:06:23,949 - DEBUG - STREAM b'IDAT' 62 333841
2024-11-27 03:06:24,194 - DEBUG - STREAM b'IHDR' 16 13
2024-11-27 03:06:24,194 - DEBUG - STREAM b'pHYs' 41 9
2024-11-27 03:06:24,194 - DEBUG - STREAM b'IDAT' 62 333841
2024-11-27 03:06:24,387 - DEBUG - STREAM b'IHDR' 16 13
2024-11-27 03:06:24,387 - DEBUG - STREAM b'pHYs' 41 9
2024-11-27 03:06:24,387 - DEBUG - STREAM b'IDAT' 62 333841
2024-11-27 03:06:24,616 - DEBUG - STREAM b'IHDR' 16 13
2024-11-27 03:06:24,616 - DEBUG - STREAM b'pHYs' 41 9
2024-11-27 03:06:24,616 - DEBUG - STREAM b'IDAT' 62 333841
2024-11-27 03:06:24,911 - DEBUG - STREAM b'IHDR' 16 13
2024-11-27 03:06:24,911 - DEBUG - STREAM b'pHYs' 41 9
2024-11-27 03:06:24,911 - DEBUG - STREAM b'IDAT' 62 333841
2024-11-27 03:06:25,181 - DEBUG - STREAM b'IHDR' 16 13
2024-11-27 03:06:25,181 - DEBUG - STREAM b'pHYs' 41 9
2024-11-27 03:06:25,181 - DEBUG - STREAM b'IDAT' 62 333841
2024-11-27 03:06:25,384 - DEBUG - STREAM b'IHDR' 16 13
2024-11-27 03:06:25,384 - DEBUG - STREAM b'pHYs' 41 9
2024-11-27 03:06:25,384 - DEBUG - STREAM b'IDAT' 62 333841
2024-11-27 03:06:25,578 - DEBUG - STREAM b'IHDR' 16 13
2024-11-27 03:06:25,578 - DEBUG - STREAM b'pHYs' 41 9
2024-11-27 03:06:25,578 - DEBUG - STREAM b'IDAT' 62 333841
2024-11-27 03:06:25,772 - DEBUG - STREAM b'IHDR' 16 13
2024-11-27 03:06:25,772 - DEBUG - STREAM b'pHYs' 41 9
2024-11-27 03:06:25,772 - DEBUG - STREAM b'IDAT' 62 333841
2024-11-27 03:06:26,042 - DEBUG - STREAM b'IHDR' 16 13
2024-11-27 03:06:26,042 - DEBUG - STREAM b'pHYs' 41 9
2024-11-27 03:06:26,042 - DEBUG - STREAM b'IDAT' 62 333841
2024-11-27 03:06:26,295 - DEBUG - STREAM b'IHDR' 16 13
2024-11-27 03:06:26,295 - DEBUG - STREAM b'pHYs' 41 9
2024-11-27 03:06:26,295 - DEBUG - STREAM b'IDAT' 62 333841
2024-11-27 03:06:26,684 - DEBUG - STREAM b'IHDR' 16 13
2024-11-27 03:06:26,685 - DEBUG - STREAM b'pHYs' 41 9
2024-11-27 03:06:26,685 - DEBUG - STREAM b'IDAT' 62 333841
2024-11-27 03:06:27,021 - DEBUG - STREAM b'IHDR' 16 13
2024-11-27 03:06:27,021 - DEBUG - STREAM b'pHYs' 41 9
2024-11-27 03:06:27,022 - DEBUG - STREAM b'IDAT' 62 333841
2024-11-27 03:06:28,011 - DEBUG - STREAM b'IHDR' 16 13
2024-11-27 03:06:28,011 - DEBUG - STREAM b'pHYs' 41 9
2024-11-27 03:06:28,011 - DEBUG - STREAM b'IDAT' 62 333841
2024-11-27 03:06:28,222 - DEBUG - STREAM b'IHDR' 16 13
2024-11-27 03:06:28,222 - DEBUG - STREAM b'pHYs' 41 9
2024-11-27 03:06:28,223 - DEBUG - STREAM b'IDAT' 62 333841
2024-11-27 03:06:28,990 - DEBUG - STREAM b'IHDR' 16 13
2024-11-27 03:06:28,990 - DEBUG - STREAM b'pHYs' 41 9
2024-11-27 03:06:28,990 - DEBUG - STREAM b'IDAT' 62 333841
2024-11-27 03:06:29,192 - DEBUG - STREAM b'IHDR' 16 13
2024-11-27 03:06:29,192 - DEBUG - STREAM b'pHYs' 41 9
2024-11-27 03:06:29,192 - DEBUG - STREAM b'IDAT' 62 333841
2024-11-27 03:06:29,936 - DEBUG - STREAM b'IHDR' 16 13
2024-11-27 03:06:29,936 - DEBUG - STREAM b'pHYs' 41 9
2024-11-27 03:06:29,936 - DEBUG - STREAM b'IDAT' 62 333841
2024-11-27 03:06:30,113 - DEBUG - STREAM b'IHDR' 16 13
2024-11-27 03:06:30,113 - DEBUG - STREAM b'pHYs' 41 9
2024-11-27 03:06:30,113 - DEBUG - STREAM b'IDAT' 62 333841
2024-11-27 03:06:30,298 - DEBUG - STREAM b'IHDR' 16 13
2024-11-27 03:06:30,298 - DEBUG - STREAM b'pHYs' 41 9
2024-11-27 03:06:30,298 - DEBUG - STREAM b'IDAT' 62 333841
2024-11-27 03:06:30,493 - DEBUG - STREAM b'IHDR' 16 13
2024-11-27 03:06:30,493 - DEBUG - STREAM b'pHYs' 41 9
2024-11-27 03:06:30,493 - DEBUG - STREAM b'IDAT' 62 333841
2024-11-27 03:06:30,873 - DEBUG - STREAM b'IHDR' 16 13
2024-11-27 03:06:30,873 - DEBUG - STREAM b'pHYs' 41 9
2024-11-27 03:06:30,873 - DEBUG - STREAM b'IDAT' 62 333841
2024-11-27 03:06:31,075 - DEBUG - STREAM b'IHDR' 16 13
2024-11-27 03:06:31,075 - DEBUG - STREAM b'pHYs' 41 9
2024-11-27 03:06:31,075 - DEBUG - STREAM b'IDAT' 62 333841
2024-11-27 03:06:31,464 - DEBUG - STREAM b'IHDR' 16 13
2024-11-27 03:06:31,464 - DEBUG - STREAM b'pHYs' 41 9
2024-11-27 03:06:31,464 - DEBUG - STREAM b'IDAT' 62 333841
2024-11-27 03:06:31,666 - DEBUG - STREAM b'IHDR' 16 13
2024-11-27 03:06:31,666 - DEBUG - STREAM b'pHYs' 41 9
2024-11-27 03:06:31,666 - DEBUG - STREAM b'IDAT' 62 333841
2024-11-27 03:06:31,912 - DEBUG - STREAM b'IHDR' 16 13
2024-11-27 03:06:31,912 - DEBUG - STREAM b'pHYs' 41 9
2024-11-27 03:06:31,912 - DEBUG - STREAM b'IDAT' 62 333841
2024-11-27 03:06:32,106 - DEBUG - STREAM b'IHDR' 16 13
2024-11-27 03:06:32,106 - DEBUG - STREAM b'pHYs' 41 9
2024-11-27 03:06:32,106 - DEBUG - STREAM b'IDAT' 62 333841
2024-11-27 03:06:32,266 - DEBUG - STREAM b'IHDR' 16 13
2024-11-27 03:06:32,266 - DEBUG - STREAM b'pHYs' 41 9
2024-11-27 03:06:32,266 - DEBUG - STREAM b'IDAT' 62 333841
2024-11-27 03:06:32,477 - DEBUG - STREAM b'IHDR' 16 13
2024-11-27 03:06:32,477 - DEBUG - STREAM b'pHYs' 41 9
2024-11-27 03:06:32,477 - DEBUG - STREAM b'IDAT' 62 333841
2024-11-27 03:06:55,930 - INFO - Логирование игры начато.
2024-11-27 03:06:56,465 - DEBUG - STREAM b'IHDR' 16 13
2024-11-27 03:06:56,465 - DEBUG - STREAM b'pHYs' 41 9
2024-11-27 03:06:56,465 - DEBUG - STREAM b'IDAT' 62 333841
2024-11-27 03:06:56,489 - DEBUG - STREAM b'IHDR' 16 13
2024-11-27 03:06:56,489 - DEBUG - STREAM b'pHYs' 41 9
2024-11-27 03:06:56,489 - DEBUG - STREAM b'IDAT' 62 259015
2024-11-27 03:06:56,505 - DEBUG - STREAM b'IHDR' 16 13
2024-11-27 03:06:56,505 - DEBUG - STREAM b'pHYs' 41 9
2024-11-27 03:06:56,505 - DEBUG - STREAM b'IDAT' 62 220337
2024-11-27 03:06:56,519 - DEBUG - STREAM b'IHDR' 16 13
2024-11-27 03:06:56,519 - DEBUG - STREAM b'pHYs' 41 9
2024-11-27 03:06:56,519 - DEBUG - STREAM b'IDAT' 62 177624
2024-11-27 03:06:56,529 - DEBUG - STREAM b'IHDR' 16 13
2024-11-27 03:06:56,529 - DEBUG - STREAM b'pHYs' 41 9
2024-11-27 03:06:56,529 - DEBUG - STREAM b'IDAT' 62 232384
2024-11-27 03:06:56,541 - DEBUG - STREAM b'IHDR' 16 13
2024-11-27 03:06:56,541 - DEBUG - STREAM b'pHYs' 41 9
2024-11-27 03:06:56,541 - DEBUG - STREAM b'IDAT' 62 261264
2024-11-27 03:06:56,554 - DEBUG - STREAM b'IHDR' 16 13
2024-11-27 03:06:56,554 - DEBUG - STREAM b'pHYs' 41 9
2024-11-27 03:06:56,555 - DEBUG - STREAM b'IDAT' 62 348922
2024-11-27 03:06:58,449 - DEBUG - STREAM b'IHDR' 16 13
2024-11-27 03:06:58,449 - DEBUG - STREAM b'pHYs' 41 9
2024-11-27 03:06:58,449 - DEBUG - STREAM b'tEXt' 62 25
2024-11-27 03:06:58,449 - DEBUG - STREAM b'IDAT' 99 8192
2024-11-27 03:06:58,456 - DEBUG - STREAM b'IHDR' 16 13
2024-11-27 03:06:58,456 - DEBUG - STREAM b'pHYs' 41 9
2024-11-27 03:06:58,456 - DEBUG - STREAM b'IDAT' 62 29837
2024-11-27 03:06:58,472 - ERROR - Ошибка загрузки фона: [Errno 2] No such file or directory: 'F:\\Projects\\Dog_Academy\\assets\\backgrounds\\game_bg.jpg'
2024-11-27 03:06:58,474 - DEBUG - STREAM b'IHDR' 16 13
2024-11-27 03:06:58,474 - DEBUG - STREAM b'pHYs' 41 9
2024-11-27 03:06:58,474 - DEBUG - STREAM b'IDAT' 62 333841
2024-11-27 03:06:58,493 - DEBUG - STREAM b'IHDR' 16 13
2024-11-27 03:06:58,494 - DEBUG - STREAM b'pHYs' 41 9
2024-11-27 03:06:58,494 - DEBUG - STREAM b'IDAT' 62 259015
2024-11-27 03:06:58,513 - DEBUG - STREAM b'IHDR' 16 13
2024-11-27 03:06:58,514 - DEBUG - STREAM b'pHYs' 41 9
2024-11-27 03:06:58,514 - DEBUG - STREAM b'IDAT' 62 220337
2024-11-27 03:06:58,533 - DEBUG - STREAM b'IHDR' 16 13
2024-11-27 03:06:58,534 - DEBUG - STREAM b'pHYs' 41 9
2024-11-27 03:06:58,534 - DEBUG - STREAM b'IDAT' 62 177624
2024-11-27 03:06:58,546 - DEBUG - STREAM b'IHDR' 16 13
2024-11-27 03:06:58,546 - DEBUG - STREAM b'pHYs' 41 9
2024-11-27 03:06:58,546 - DEBUG - STREAM b'IDAT' 62 232384
2024-11-27 03:06:58,559 - DEBUG - STREAM b'IHDR' 16 13
2024-11-27 03:06:58,559 - DEBUG - STREAM b'pHYs' 41 9
2024-11-27 03:06:58,559 - DEBUG - STREAM b'IDAT' 62 261264
2024-11-27 03:06:58,575 - DEBUG - STREAM b'IHDR' 16 13
2024-11-27 03:06:58,575 - DEBUG - STREAM b'pHYs' 41 9
2024-11-27 03:06:58,575 - DEBUG - STREAM b'IDAT' 62 348922
2024-11-27 03:12:43,664 - INFO - Логирование игры начато.
2024-11-27 03:12:44,266 - DEBUG - STREAM b'IHDR' 16 13
2024-11-27 03:12:44,266 - DEBUG - STREAM b'pHYs' 41 9
2024-11-27 03:12:44,266 - DEBUG - STREAM b'IDAT' 62 333841
2024-11-27 03:12:44,293 - DEBUG - STREAM b'IHDR' 16 13
2024-11-27 03:12:44,293 - DEBUG - STREAM b'pHYs' 41 9
2024-11-27 03:12:44,293 - DEBUG - STREAM b'IDAT' 62 259015
2024-11-27 03:12:44,309 - DEBUG - STREAM b'IHDR' 16 13
2024-11-27 03:12:44,310 - DEBUG - STREAM b'pHYs' 41 9
2024-11-27 03:12:44,310 - DEBUG - STREAM b'IDAT' 62 220337
2024-11-27 03:12:44,324 - DEBUG - STREAM b'IHDR' 16 13
2024-11-27 03:12:44,324 - DEBUG - STREAM b'pHYs' 41 9
2024-11-27 03:12:44,324 - DEBUG - STREAM b'IDAT' 62 177624
2024-11-27 03:12:44,334 - DEBUG - STREAM b'IHDR' 16 13
2024-11-27 03:12:44,335 - DEBUG - STREAM b'pHYs' 41 9
2024-11-27 03:12:44,335 - DEBUG - STREAM b'IDAT' 62 232384
2024-11-27 03:12:44,347 - DEBUG - STREAM b'IHDR' 16 13
2024-11-27 03:12:44,347 - DEBUG - STREAM b'pHYs' 41 9
2024-11-27 03:12:44,347 - DEBUG - STREAM b'IDAT' 62 261264
2024-11-27 03:12:44,361 - DEBUG - STREAM b'IHDR' 16 13
2024-11-27 03:12:44,361 - DEBUG - STREAM b'pHYs' 41 9
2024-11-27 03:12:44,361 - DEBUG - STREAM b'IDAT' 62 348922
2024-11-27 03:12:45,633 - DEBUG - STREAM b'IHDR' 16 13
2024-11-27 03:12:45,633 - DEBUG - STREAM b'pHYs' 41 9
2024-11-27 03:12:45,633 - DEBUG - STREAM b'tEXt' 62 25
2024-11-27 03:12:45,633 - DEBUG - STREAM b'IDAT' 99 8192
2024-11-27 03:12:45,640 - DEBUG - STREAM b'IHDR' 16 13
2024-11-27 03:12:45,640 - DEBUG - STREAM b'pHYs' 41 9
2024-11-27 03:12:45,641 - DEBUG - STREAM b'IDAT' 62 29837
2024-11-27 03:12:45,658 - ERROR - Ошибка загрузки фона: [Errno 2] No such file or directory: 'F:\\Projects\\Dog_Academy\\assets\\backgrounds\\game_bg.jpg'
2024-11-27 03:12:45,659 - DEBUG - STREAM b'IHDR' 16 13
2024-11-27 03:12:45,659 - DEBUG - STREAM b'pHYs' 41 9
2024-11-27 03:12:45,659 - DEBUG - STREAM b'IDAT' 62 333841
2024-11-27 03:12:45,680 - DEBUG - STREAM b'IHDR' 16 13
2024-11-27 03:12:45,680 - DEBUG - STREAM b'pHYs' 41 9
2024-11-27 03:12:45,680 - DEBUG - STREAM b'IDAT' 62 259015
2024-11-27 03:12:45,700 - DEBUG - STREAM b'IHDR' 16 13
2024-11-27 03:12:45,700 - DEBUG - STREAM b'pHYs' 41 9
2024-11-27 03:12:45,700 - DEBUG - STREAM b'IDAT' 62 220337
2024-11-27 03:12:45,720 - DEBUG - STREAM b'IHDR' 16 13
2024-11-27 03:12:45,720 - DEBUG - STREAM b'pHYs' 41 9
2024-11-27 03:12:45,720 - DEBUG - STREAM b'IDAT' 62 177624
2024-11-27 03:12:45,731 - DEBUG - STREAM b'IHDR' 16 13
2024-11-27 03:12:45,731 - DEBUG - STREAM b'pHYs' 41 9
2024-11-27 03:12:45,731 - DEBUG - STREAM b'IDAT' 62 232384
2024-11-27 03:12:45,744 - DEBUG - STREAM b'IHDR' 16 13
2024-11-27 03:12:45,744 - DEBUG - STREAM b'pHYs' 41 9
2024-11-27 03:12:45,744 - DEBUG - STREAM b'IDAT' 62 261264
2024-11-27 03:12:45,759 - DEBUG - STREAM b'IHDR' 16 13
2024-11-27 03:12:45,759 - DEBUG - STREAM b'pHYs' 41 9
2024-11-27 03:12:45,759 - DEBUG - STREAM b'IDAT' 62 348922
2024-11-27 03:12:46,765 - ERROR - Ошибка загрузки фона: [Errno 2] No such file or directory: 'F:\\Projects\\Dog_Academy\\assets\\backgrounds\\game_bg.jpg'
2024-11-27 03:13:20,635 - DEBUG - STREAM b'IHDR' 16 13
2024-11-27 03:13:20,635 - DEBUG - STREAM b'pHYs' 41 9
2024-11-27 03:13:20,636 - DEBUG - STREAM b'IDAT' 62 177624
2024-11-27 03:14:42,346 - INFO - Логирование игры начато.
2024-11-27 03:14:42,875 - DEBUG - STREAM b'IHDR' 16 13
2024-11-27 03:14:42,875 - DEBUG - STREAM b'pHYs' 41 9
2024-11-27 03:14:42,875 - DEBUG - STREAM b'IDAT' 62 333841
2024-11-27 03:14:42,898 - DEBUG - STREAM b'IHDR' 16 13
2024-11-27 03:14:42,898 - DEBUG - STREAM b'pHYs' 41 9
2024-11-27 03:14:42,898 - DEBUG - STREAM b'IDAT' 62 259015
2024-11-27 03:14:42,914 - DEBUG - STREAM b'IHDR' 16 13
2024-11-27 03:14:42,914 - DEBUG - STREAM b'pHYs' 41 9
2024-11-27 03:14:42,914 - DEBUG - STREAM b'IDAT' 62 220337
2024-11-27 03:14:42,928 - DEBUG - STREAM b'IHDR' 16 13
2024-11-27 03:14:42,928 - DEBUG - STREAM b'pHYs' 41 9
2024-11-27 03:14:42,929 - DEBUG - STREAM b'IDAT' 62 177624
2024-11-27 03:14:42,939 - DEBUG - STREAM b'IHDR' 16 13
2024-11-27 03:14:42,939 - DEBUG - STREAM b'pHYs' 41 9
2024-11-27 03:14:42,939 - DEBUG - STREAM b'IDAT' 62 232384
2024-11-27 03:14:42,951 - DEBUG - STREAM b'IHDR' 16 13
2024-11-27 03:14:42,951 - DEBUG - STREAM b'pHYs' 41 9
2024-11-27 03:14:42,951 - DEBUG - STREAM b'IDAT' 62 261264
2024-11-27 03:14:42,964 - DEBUG - STREAM b'IHDR' 16 13
2024-11-27 03:14:42,964 - DEBUG - STREAM b'pHYs' 41 9
2024-11-27 03:14:42,964 - DEBUG - STREAM b'IDAT' 62 348922
2024-11-27 03:14:43,826 - DEBUG - STREAM b'IHDR' 16 13
2024-11-27 03:14:43,826 - DEBUG - STREAM b'pHYs' 41 9
2024-11-27 03:14:43,826 - DEBUG - STREAM b'tEXt' 62 25
2024-11-27 03:14:43,826 - DEBUG - STREAM b'IDAT' 99 8192
2024-11-27 03:14:43,833 - DEBUG - STREAM b'IHDR' 16 13
2024-11-27 03:14:43,833 - DEBUG - STREAM b'pHYs' 41 9
2024-11-27 03:14:43,833 - DEBUG - STREAM b'IDAT' 62 29837
2024-11-27 03:14:43,850 - ERROR - Ошибка загрузки фона: [Errno 2] No such file or directory: 'F:\\Projects\\Dog_Academy\\assets\\backgrounds\\game_bg.jpg'
2024-11-27 03:14:43,851 - DEBUG - STREAM b'IHDR' 16 13
2024-11-27 03:14:43,851 - DEBUG - STREAM b'pHYs' 41 9
2024-11-27 03:14:43,851 - DEBUG - STREAM b'IDAT' 62 333841
2024-11-27 03:14:43,873 - DEBUG - STREAM b'IHDR' 16 13
2024-11-27 03:14:43,873 - DEBUG - STREAM b'pHYs' 41 9
2024-11-27 03:14:43,873 - DEBUG - STREAM b'IDAT' 62 259015
2024-11-27 03:14:43,895 - DEBUG - STREAM b'IHDR' 16 13
2024-11-27 03:14:43,895 - DEBUG - STREAM b'pHYs' 41 9
2024-11-27 03:14:43,895 - DEBUG - STREAM b'IDAT' 62 220337
2024-11-27 03:14:43,917 - DEBUG - STREAM b'IHDR' 16 13
2024-11-27 03:14:43,917 - DEBUG - STREAM b'pHYs' 41 9
2024-11-27 03:14:43,917 - DEBUG - STREAM b'IDAT' 62 177624
2024-11-27 03:14:43,929 - DEBUG - STREAM b'IHDR' 16 13
2024-11-27 03:14:43,929 - DEBUG - STREAM b'pHYs' 41 9
2024-11-27 03:14:43,929 - DEBUG - STREAM b'IDAT' 62 232384
2024-11-27 03:14:43,943 - DEBUG - STREAM b'IHDR' 16 13
2024-11-27 03:14:43,943 - DEBUG - STREAM b'pHYs' 41 9
2024-11-27 03:14:43,943 - DEBUG - STREAM b'IDAT' 62 261264
2024-11-27 03:14:43,959 - DEBUG - STREAM b'IHDR' 16 13
2024-11-27 03:14:43,959 - DEBUG - STREAM b'pHYs' 41 9
2024-11-27 03:14:43,959 - DEBUG - STREAM b'IDAT' 62 348922
2024-11-27 03:14:45,241 - ERROR - Ошибка загрузки фона: [Errno 2] No such file or directory: 'F:\\Projects\\Dog_Academy\\assets\\backgrounds\\game_bg.jpg'
2024-11-27 03:14:49,325 - DEBUG - STREAM b'IHDR' 16 13
2024-11-27 03:14:49,325 - DEBUG - STREAM b'pHYs' 41 9
2024-11-27 03:14:49,325 - DEBUG - STREAM b'IDAT' 62 333841
2024-11-27 03:21:37,818 - INFO - Логирование игры начато.
2024-11-27 03:21:38,344 - DEBUG - STREAM b'IHDR' 16 13
2024-11-27 03:21:38,344 - DEBUG - STREAM b'pHYs' 41 9
2024-11-27 03:21:38,344 - DEBUG - STREAM b'IDAT' 62 333841
2024-11-27 03:21:38,367 - DEBUG - STREAM b'IHDR' 16 13
2024-11-27 03:21:38,367 - DEBUG - STREAM b'pHYs' 41 9
2024-11-27 03:21:38,367 - DEBUG - STREAM b'IDAT' 62 259015
2024-11-27 03:21:38,382 - DEBUG - STREAM b'IHDR' 16 13
2024-11-27 03:21:38,382 - DEBUG - STREAM b'pHYs' 41 9
2024-11-27 03:21:38,382 - DEBUG - STREAM b'IDAT' 62 220337
2024-11-27 03:21:38,400 - DEBUG - STREAM b'IHDR' 16 13
2024-11-27 03:21:38,400 - DEBUG - STREAM b'pHYs' 41 9
2024-11-27 03:21:38,400 - DEBUG - STREAM b'IDAT' 62 177624
2024-11-27 03:21:38,411 - DEBUG - STREAM b'IHDR' 16 13
2024-11-27 03:21:38,411 - DEBUG - STREAM b'pHYs' 41 9
2024-11-27 03:21:38,411 - DEBUG - STREAM b'IDAT' 62 232384
2024-11-27 03:21:38,424 - DEBUG - STREAM b'IHDR' 16 13
2024-11-27 03:21:38,424 - DEBUG - STREAM b'pHYs' 41 9
2024-11-27 03:21:38,424 - DEBUG - STREAM b'IDAT' 62 261264
2024-11-27 03:21:38,438 - DEBUG - STREAM b'IHDR' 16 13
2024-11-27 03:21:38,438 - DEBUG - STREAM b'pHYs' 41 9
2024-11-27 03:21:38,438 - DEBUG - STREAM b'IDAT' 62 348922
2024-11-27 03:21:39,082 - DEBUG - STREAM b'IHDR' 16 13
2024-11-27 03:21:39,082 - DEBUG - STREAM b'pHYs' 41 9
2024-11-27 03:21:39,082 - DEBUG - STREAM b'tEXt' 62 25
2024-11-27 03:21:39,082 - DEBUG - STREAM b'IDAT' 99 8192
2024-11-27 03:21:39,089 - DEBUG - STREAM b'IHDR' 16 13
2024-11-27 03:21:39,090 - DEBUG - STREAM b'pHYs' 41 9
2024-11-27 03:21:39,090 - DEBUG - STREAM b'IDAT' 62 29837
2024-11-27 03:21:39,110 - DEBUG - STREAM b'IHDR' 16 13
2024-11-27 03:21:39,110 - DEBUG - STREAM b'pHYs' 41 9
2024-11-27 03:21:39,110 - DEBUG - STREAM b'IDAT' 62 840969
2024-11-27 03:21:39,186 - DEBUG - STREAM b'IHDR' 16 13
2024-11-27 03:21:39,186 - DEBUG - STREAM b'pHYs' 41 9
2024-11-27 03:21:39,186 - DEBUG - STREAM b'IDAT' 62 333841
2024-11-27 03:21:39,201 - DEBUG - STREAM b'IHDR' 16 13
2024-11-27 03:21:39,201 - DEBUG - STREAM b'pHYs' 41 9
2024-11-27 03:21:39,202 - DEBUG - STREAM b'IDAT' 62 259015
2024-11-27 03:21:39,217 - DEBUG - STREAM b'IHDR' 16 13
2024-11-27 03:21:39,218 - DEBUG - STREAM b'pHYs' 41 9
2024-11-27 03:21:39,218 - DEBUG - STREAM b'IDAT' 62 220337
2024-11-27 03:21:39,232 - DEBUG - STREAM b'IHDR' 16 13
2024-11-27 03:21:39,233 - DEBUG - STREAM b'pHYs' 41 9
2024-11-27 03:21:39,233 - DEBUG - STREAM b'IDAT' 62 177624
2024-11-27 03:21:39,243 - DEBUG - STREAM b'IHDR' 16 13
2024-11-27 03:21:39,244 - DEBUG - STREAM b'pHYs' 41 9
2024-11-27 03:21:39,244 - DEBUG - STREAM b'IDAT' 62 232384
2024-11-27 03:21:39,256 - DEBUG - STREAM b'IHDR' 16 13
2024-11-27 03:21:39,256 - DEBUG - STREAM b'pHYs' 41 9
2024-11-27 03:21:39,256 - DEBUG - STREAM b'IDAT' 62 261264
2024-11-27 03:21:39,270 - DEBUG - STREAM b'IHDR' 16 13
2024-11-27 03:21:39,270 - DEBUG - STREAM b'pHYs' 41 9
2024-11-27 03:21:39,270 - DEBUG - STREAM b'IDAT' 62 348922
2024-11-27 03:21:43,580 - DEBUG - STREAM b'IHDR' 16 13
2024-11-27 03:21:43,580 - DEBUG - STREAM b'pHYs' 41 9
2024-11-27 03:21:43,580 - DEBUG - STREAM b'IDAT' 62 840969
2024-11-27 03:21:48,649 - DEBUG - STREAM b'IHDR' 16 13
2024-11-27 03:21:48,649 - DEBUG - STREAM b'pHYs' 41 9
2024-11-27 03:21:48,649 - DEBUG - STREAM b'IDAT' 62 333841
2024-11-27 03:27:10,945 - INFO - Логирование игры начато.
2024-11-27 03:27:11,508 - DEBUG - STREAM b'IHDR' 16 13
2024-11-27 03:27:11,508 - DEBUG - STREAM b'pHYs' 41 9
2024-11-27 03:27:11,508 - DEBUG - STREAM b'IDAT' 62 333841
2024-11-27 03:27:11,533 - DEBUG - STREAM b'IHDR' 16 13
2024-11-27 03:27:11,533 - DEBUG - STREAM b'pHYs' 41 9
2024-11-27 03:27:11,533 - DEBUG - STREAM b'IDAT' 62 259015
2024-11-27 03:27:11,549 - DEBUG - STREAM b'IHDR' 16 13
2024-11-27 03:27:11,549 - DEBUG - STREAM b'pHYs' 41 9
2024-11-27 03:27:11,549 - DEBUG - STREAM b'IDAT' 62 220337
2024-11-27 03:27:11,564 - DEBUG - STREAM b'IHDR' 16 13
2024-11-27 03:27:11,564 - DEBUG - STREAM b'pHYs' 41 9
2024-11-27 03:27:11,564 - DEBUG - STREAM b'IDAT' 62 177624
2024-11-27 03:27:11,575 - DEBUG - STREAM b'IHDR' 16 13
2024-11-27 03:27:11,575 - DEBUG - STREAM b'pHYs' 41 9
2024-11-27 03:27:11,575 - DEBUG - STREAM b'IDAT' 62 232384
2024-11-27 03:27:11,587 - DEBUG - STREAM b'IHDR' 16 13
2024-11-27 03:27:11,587 - DEBUG - STREAM b'pHYs' 41 9
2024-11-27 03:27:11,588 - DEBUG - STREAM b'IDAT' 62 261264
2024-11-27 03:27:11,601 - DEBUG - STREAM b'IHDR' 16 13
2024-11-27 03:27:11,601 - DEBUG - STREAM b'pHYs' 41 9
2024-11-27 03:27:11,601 - DEBUG - STREAM b'IDAT' 62 348922
2024-11-27 03:27:12,360 - DEBUG - STREAM b'IHDR' 16 13
2024-11-27 03:27:12,360 - DEBUG - STREAM b'pHYs' 41 9
2024-11-27 03:27:12,360 - DEBUG - STREAM b'tEXt' 62 25
2024-11-27 03:27:12,360 - DEBUG - STREAM b'IDAT' 99 8192
2024-11-27 03:27:12,368 - DEBUG - STREAM b'IHDR' 16 13
2024-11-27 03:27:12,368 - DEBUG - STREAM b'pHYs' 41 9
2024-11-27 03:27:12,368 - DEBUG - STREAM b'IDAT' 62 29837
2024-11-27 03:27:12,388 - DEBUG - STREAM b'IHDR' 16 13
2024-11-27 03:27:12,388 - DEBUG - STREAM b'pHYs' 41 9
2024-11-27 03:27:12,388 - DEBUG - STREAM b'IDAT' 62 840969
2024-11-27 03:27:12,459 - DEBUG - STREAM b'IHDR' 16 13
2024-11-27 03:27:12,459 - DEBUG - STREAM b'pHYs' 41 9
2024-11-27 03:27:12,459 - DEBUG - STREAM b'IDAT' 62 333841
2024-11-27 03:27:12,475 - DEBUG - STREAM b'IHDR' 16 13
2024-11-27 03:27:12,475 - DEBUG - STREAM b'pHYs' 41 9
2024-11-27 03:27:12,475 - DEBUG - STREAM b'IDAT' 62 259015
2024-11-27 03:27:12,490 - DEBUG - STREAM b'IHDR' 16 13
2024-11-27 03:27:12,491 - DEBUG - STREAM b'pHYs' 41 9
2024-11-27 03:27:12,491 - DEBUG - STREAM b'IDAT' 62 220337
2024-11-27 03:27:12,504 - DEBUG - STREAM b'IHDR' 16 13
2024-11-27 03:27:12,504 - DEBUG - STREAM b'pHYs' 41 9
2024-11-27 03:27:12,504 - DEBUG - STREAM b'IDAT' 62 177624
2024-11-27 03:27:12,513 - DEBUG - STREAM b'IHDR' 16 13
2024-11-27 03:27:12,514 - DEBUG - STREAM b'pHYs' 41 9
2024-11-27 03:27:12,514 - DEBUG - STREAM b'IDAT' 62 232384
2024-11-27 03:27:12,525 - DEBUG - STREAM b'IHDR' 16 13
2024-11-27 03:27:12,525 - DEBUG - STREAM b'pHYs' 41 9
2024-11-27 03:27:12,525 - DEBUG - STREAM b'IDAT' 62 261264
2024-11-27 03:27:12,537 - DEBUG - STREAM b'IHDR' 16 13
2024-11-27 03:27:12,538 - DEBUG - STREAM b'pHYs' 41 9
2024-11-27 03:27:12,538 - DEBUG - STREAM b'IDAT' 62 348922
2024-11-27 03:27:15,086 - DEBUG - STREAM b'IHDR' 16 13
2024-11-27 03:27:15,086 - DEBUG - STREAM b'pHYs' 41 9
2024-11-27 03:27:15,086 - DEBUG - STREAM b'IDAT' 62 840969
2024-11-27 03:27:19,101 - DEBUG - STREAM b'IHDR' 16 13
2024-11-27 03:27:19,102 - DEBUG - STREAM b'pHYs' 41 9
2024-11-27 03:27:19,102 - DEBUG - STREAM b'IDAT' 62 333841
2024-11-27 03:29:20,644 - INFO - Логирование игры начато.
2024-11-27 03:29:21,180 - DEBUG - STREAM b'IHDR' 16 13
2024-11-27 03:29:21,181 - DEBUG - STREAM b'pHYs' 41 9
2024-11-27 03:29:21,181 - DEBUG - STREAM b'IDAT' 62 333841
2024-11-27 03:29:21,203 - DEBUG - STREAM b'IHDR' 16 13
2024-11-27 03:29:21,203 - DEBUG - STREAM b'pHYs' 41 9
2024-11-27 03:29:21,203 - DEBUG - STREAM b'IDAT' 62 259015
2024-11-27 03:29:21,219 - DEBUG - STREAM b'IHDR' 16 13
2024-11-27 03:29:21,219 - DEBUG - STREAM b'pHYs' 41 9
2024-11-27 03:29:21,219 - DEBUG - STREAM b'IDAT' 62 220337
2024-11-27 03:29:21,233 - DEBUG - STREAM b'IHDR' 16 13
2024-11-27 03:29:21,233 - DEBUG - STREAM b'pHYs' 41 9
2024-11-27 03:29:21,233 - DEBUG - STREAM b'IDAT' 62 177624
2024-11-27 03:29:21,244 - DEBUG - STREAM b'IHDR' 16 13
2024-11-27 03:29:21,244 - DEBUG - STREAM b'pHYs' 41 9
2024-11-27 03:29:21,245 - DEBUG - STREAM b'IDAT' 62 232384
2024-11-27 03:29:21,257 - DEBUG - STREAM b'IHDR' 16 13
2024-11-27 03:29:21,257 - DEBUG - STREAM b'pHYs' 41 9
2024-11-27 03:29:21,257 - DEBUG - STREAM b'IDAT' 62 261264
2024-11-27 03:29:21,271 - DEBUG - STREAM b'IHDR' 16 13
2024-11-27 03:29:21,271 - DEBUG - STREAM b'pHYs' 41 9
2024-11-27 03:29:21,271 - DEBUG - STREAM b'IDAT' 62 348922
2024-11-27 03:29:21,963 - DEBUG - STREAM b'IHDR' 16 13
2024-11-27 03:29:21,963 - DEBUG - STREAM b'pHYs' 41 9
2024-11-27 03:29:21,963 - DEBUG - STREAM b'tEXt' 62 25
2024-11-27 03:29:21,963 - DEBUG - STREAM b'IDAT' 99 8192
2024-11-27 03:29:21,970 - DEBUG - STREAM b'IHDR' 16 13
2024-11-27 03:29:21,970 - DEBUG - STREAM b'pHYs' 41 9
2024-11-27 03:29:21,970 - DEBUG - STREAM b'IDAT' 62 29837
2024-11-27 03:29:21,989 - DEBUG - STREAM b'IHDR' 16 13
2024-11-27 03:29:21,989 - DEBUG - STREAM b'pHYs' 41 9
2024-11-27 03:29:21,989 - DEBUG - STREAM b'IDAT' 62 840969
2024-11-27 03:29:22,058 - DEBUG - STREAM b'IHDR' 16 13
2024-11-27 03:29:22,058 - DEBUG - STREAM b'pHYs' 41 9
2024-11-27 03:29:22,058 - DEBUG - STREAM b'IDAT' 62 333841
2024-11-27 03:29:22,072 - DEBUG - STREAM b'IHDR' 16 13
2024-11-27 03:29:22,072 - DEBUG - STREAM b'pHYs' 41 9
2024-11-27 03:29:22,072 - DEBUG - STREAM b'IDAT' 62 259015
2024-11-27 03:29:22,086 - DEBUG - STREAM b'IHDR' 16 13
2024-11-27 03:29:22,086 - DEBUG - STREAM b'pHYs' 41 9
2024-11-27 03:29:22,087 - DEBUG - STREAM b'IDAT' 62 220337
2024-11-27 03:29:22,099 - DEBUG - STREAM b'IHDR' 16 13
2024-11-27 03:29:22,099 - DEBUG - STREAM b'pHYs' 41 9
2024-11-27 03:29:22,100 - DEBUG - STREAM b'IDAT' 62 177624
2024-11-27 03:29:22,109 - DEBUG - STREAM b'IHDR' 16 13
2024-11-27 03:29:22,109 - DEBUG - STREAM b'pHYs' 41 9
2024-11-27 03:29:22,109 - DEBUG - STREAM b'IDAT' 62 232384
2024-11-27 03:29:22,121 - DEBUG - STREAM b'IHDR' 16 13
2024-11-27 03:29:22,121 - DEBUG - STREAM b'pHYs' 41 9
2024-11-27 03:29:22,121 - DEBUG - STREAM b'IDAT' 62 261264
2024-11-27 03:29:22,133 - DEBUG - STREAM b'IHDR' 16 13
2024-11-27 03:29:22,133 - DEBUG - STREAM b'pHYs' 41 9
2024-11-27 03:29:22,133 - DEBUG - STREAM b'IDAT' 62 348922
2024-11-27 03:29:23,655 - DEBUG - STREAM b'IHDR' 16 13
2024-11-27 03:29:23,655 - DEBUG - STREAM b'pHYs' 41 9
2024-11-27 03:29:23,655 - DEBUG - STREAM b'IDAT' 62 840969
2024-11-27 03:29:27,530 - DEBUG - STREAM b'IHDR' 16 13
2024-11-27 03:29:27,530 - DEBUG - STREAM b'pHYs' 41 9
2024-11-27 03:29:27,530 - DEBUG - STREAM b'IDAT' 62 333841
